2026-06-28 19:46:36.776 +08:00 [INF] 正在提取文件: lib/net10.0/Microsoft.Extensions.Configuration.UserSecrets.xml
2026-06-28 19:46:36.781 +08:00 [INF] 正在提取文件: lib/net462/Microsoft.Extensions.Configuration.UserSecrets.xml
2026-06-28 19:46:36.783 +08:00 [INF] 正在提取文件: lib/net8.0/Microsoft.Extensions.Configuration.UserSecrets.xml
2026-06-28 19:46:36.784 +08:00 [INF] 正在提取文件: lib/net9.0/Microsoft.Extensions.Configuration.UserSecrets.xml
2026-06-28 19:46:36.785 +08:00 [INF] 正在提取文件: lib/netstandard2.0/Microsoft.Extensions.Configuration.UserSecrets.xml
2026-06-28 19:46:36.807 +08:00 [DBG] 缓存缺失: T:Microsoft.Extensions.Configuration.UserSecrets.PathHelper
2026-06-28 19:46:36.808 +08:00 [DBG] 缓存缺失: M:Microsoft.Extensions.Configuration.UserSecrets.PathHelper.GetSecretsPathFromSecretsId(System.String)
2026-06-28 19:46:36.809 +08:00 [DBG] 缓存缺失: M:Microsoft.Extensions.Configuration.UserSecrets.PathHelper.InternalGetSecretsPathFromSecretsId(System.String,System.Boolean)
2026-06-28 19:46:36.809 +08:00 [DBG] 缓存缺失: T:Microsoft.Extensions.Configuration.UserSecrets.UserSecretsIdAttribute
2026-06-28 19:46:36.809 +08:00 [DBG] 缓存缺失: M:Microsoft.Extensions.Configuration.UserSecrets.UserSecretsIdAttribute.#ctor(System.String)
2026-06-28 19:46:36.810 +08:00 [DBG] 缓存缺失: P:Microsoft.Extensions.Configuration.UserSecrets.UserSecretsIdAttribute.UserSecretsId
2026-06-28 19:46:36.813 +08:00 [DBG] 缓存缺失: T:Microsoft.Extensions.Configuration.UserSecretsConfigurationExtensions
2026-06-28 19:46:36.814 +08:00 [DBG] 缓存缺失: M:Microsoft.Extensions.Configuration.UserSecretsConfigurationExtensions.AddUserSecrets``1(Microsoft.Extensions.Configuration.IConfigurationBuilder)
2026-06-28 19:46:36.814 +08:00 [DBG] 缓存缺失: M:Microsoft.Extensions.Configuration.UserSecretsConfigurationExtensions.AddUserSecrets``1(Microsoft.Extensions.Configuration.IConfigurationBuilder,System.Boolean)
2026-06-28 19:46:36.814 +08:00 [DBG] 缓存缺失: M:Microsoft.Extensions.Configuration.UserSecretsConfigurationExtensions.AddUserSecrets``1(Microsoft.Extensions.Configuration.IConfigurationBuilder,System.Boolean,System.Boolean)
2026-06-28 19:46:36.815 +08:00 [DBG] 缓存缺失: M:Microsoft.Extensions.Configuration.UserSecretsConfigurationExtensions.AddUserSecrets(Microsoft.Extensions.Configuration.IConfigurationBuilder,System.Reflection.Assembly)
2026-06-28 19:46:36.815 +08:00 [DBG] 缓存缺失: M:Microsoft.Extensions.Configuration.UserSecretsConfigurationExtensions.AddUserSecrets(Microsoft.Extensions.Configuration.IConfigurationBuilder,System.Reflection.Assembly,System.Boolean)
2026-06-28 19:46:36.816 +08:00 [DBG] 缓存缺失: M:Microsoft.Extensions.Configuration.UserSecretsConfigurationExtensions.AddUserSecrets(Microsoft.Extensions.Configuration.IConfigurationBuilder,System.Reflection.Assembly,System.Boolean,System.Boolean)
2026-06-28 19:46:36.817 +08:00 [DBG] 缓存缺失: M:Microsoft.Extensions.Configuration.UserSecretsConfigurationExtensions.AddUserSecrets(Microsoft.Extensions.Configuration.IConfigurationBuilder,System.String)
2026-06-28 19:46:36.817 +08:00 [DBG] 缓存缺失: M:Microsoft.Extensions.Configuration.UserSecretsConfigurationExtensions.AddUserSecrets(Microsoft.Extensions.Configuration.IConfigurationBuilder,System.String,System.Boolean)
2026-06-28 19:46:36.818 +08:00 [DBG] 缓存缺失: P:System.SR.Common_StringNullOrEmpty
2026-06-28 19:46:36.819 +08:00 [DBG] 缓存缺失: P:System.SR.Error_Invalid_Character_In_UserSecrets_Id
2026-06-28 19:46:36.819 +08:00 [DBG] 缓存缺失: P:System.SR.Error_Missing_UserSecretsIdAttribute
2026-06-28 19:46:36.819 +08:00 [DBG] 缓存缺失: P:System.SR.Error_Missing_UserSecretsLocation
2026-06-28 19:46:39.991 +08:00 [INF] lib/net10.0/Microsoft.Extensions.Configuration.UserSecrets.xml 进度: 1/19
2026-06-28 19:46:40.370 +08:00 [INF] lib/net10.0/Microsoft.Extensions.Configuration.UserSecrets.xml 进度: 2/19
2026-06-28 19:46:42.406 +08:00 [INF] lib/net10.0/Microsoft.Extensions.Configuration.UserSecrets.xml 进度: 3/19
2026-06-28 19:46:42.648 +08:00 [INF] lib/net10.0/Microsoft.Extensions.Configuration.UserSecrets.xml 进度: 4/19
2026-06-28 19:46:43.688 +08:00 [INF] lib/net10.0/Microsoft.Extensions.Configuration.UserSecrets.xml 进度: 5/19
2026-06-28 19:46:43.839 +08:00 [INF] lib/net10.0/Microsoft.Extensions.Configuration.UserSecrets.xml 进度: 6/19
2026-06-28 19:46:45.397 +08:00 [INF] lib/net10.0/Microsoft.Extensions.Configuration.UserSecrets.xml 进度: 7/19
2026-06-28 19:46:45.785 +08:00 [INF] lib/net10.0/Microsoft.Extensions.Configuration.UserSecrets.xml 进度: 8/19
2026-06-28 19:46:46.431 +08:00 [INF] lib/net10.0/Microsoft.Extensions.Configuration.UserSecrets.xml 进度: 9/19
2026-06-28 19:46:52.749 +08:00 [INF] lib/net10.0/Microsoft.Extensions.Configuration.UserSecrets.xml 进度: 10/19
2026-06-28 19:46:53.054 +08:00 [INF] lib/net10.0/Microsoft.Extensions.Configuration.UserSecrets.xml 进度: 11/19
2026-06-28 19:46:54.184 +08:00 [INF] lib/net10.0/Microsoft.Extensions.Configuration.UserSecrets.xml 进度: 12/19
2026-06-28 19:46:54.385 +08:00 [INF] lib/net10.0/Microsoft.Extensions.Configuration.UserSecrets.xml 进度: 13/19
2026-06-28 19:46:54.701 +08:00 [INF] lib/net10.0/Microsoft.Extensions.Configuration.UserSecrets.xml 进度: 14/19
2026-06-28 19:46:58.585 +08:00 [INF] lib/net10.0/Microsoft.Extensions.Configuration.UserSecrets.xml 进度: 15/19
2026-06-28 19:46:59.048 +08:00 [INF] lib/net10.0/Microsoft.Extensions.Configuration.UserSecrets.xml 进度: 16/19
2026-06-28 19:47:07.291 +08:00 [INF] lib/net10.0/Microsoft.Extensions.Configuration.UserSecrets.xml 进度: 17/19
2026-06-28 19:47:15.322 +08:00 [INF] lib/net10.0/Microsoft.Extensions.Configuration.UserSecrets.xml 进度: 18/19
2026-06-28 19:47:18.450 +08:00 [INF] lib/net10.0/Microsoft.Extensions.Configuration.UserSecrets.xml 进度: 19/19
2026-06-28 19:47:18.450 +08:00 [INF] 文件完成，本文件翻译 19 条，累计输入 6049 tokens，输出 30516 tokens，估算费用 0.07 元
2026-06-28 19:47:18.451 +08:00 [INF] 完成文件: C:\Users\16229\source\OpenSourceLibrary\NugetTranslation\packages\microsoft.extensions.configuration.usersecrets\10.0.9\lib\net10.0\zh-Hans\Microsoft.Extensions.Configuration.UserSecrets.xml
2026-06-28 19:47:18.460 +08:00 [INF] lib/net462/Microsoft.Extensions.Configuration.UserSecrets.xml 进度: 1/57
2026-06-28 19:47:18.460 +08:00 [INF] lib/net462/Microsoft.Extensions.Configuration.UserSecrets.xml 进度: 2/57
2026-06-28 19:47:18.460 +08:00 [INF] lib/net462/Microsoft.Extensions.Configuration.UserSecrets.xml 进度: 3/57
2026-06-28 19:47:18.460 +08:00 [INF] lib/net462/Microsoft.Extensions.Configuration.UserSecrets.xml 进度: 4/57
2026-06-28 19:47:18.461 +08:00 [INF] lib/net462/Microsoft.Extensions.Configuration.UserSecrets.xml 进度: 5/57
2026-06-28 19:47:18.461 +08:00 [INF] lib/net462/Microsoft.Extensions.Configuration.UserSecrets.xml 进度: 6/57
2026-06-28 19:47:18.461 +08:00 [INF] lib/net462/Microsoft.Extensions.Configuration.UserSecrets.xml 进度: 7/57
2026-06-28 19:47:18.461 +08:00 [INF] lib/net462/Microsoft.Extensions.Configuration.UserSecrets.xml 进度: 8/57
2026-06-28 19:47:18.461 +08:00 [INF] lib/net462/Microsoft.Extensions.Configuration.UserSecrets.xml 进度: 9/57
2026-06-28 19:47:18.461 +08:00 [INF] lib/net462/Microsoft.Extensions.Configuration.UserSecrets.xml 进度: 10/57
2026-06-28 19:47:18.461 +08:00 [INF] lib/net462/Microsoft.Extensions.Configuration.UserSecrets.xml 进度: 11/57
2026-06-28 19:47:18.467 +08:00 [INF] lib/net462/Microsoft.Extensions.Configuration.UserSecrets.xml 进度: 12/57
2026-06-28 19:47:18.467 +08:00 [INF] lib/net462/Microsoft.Extensions.Configuration.UserSecrets.xml 进度: 13/57
2026-06-28 19:47:18.467 +08:00 [INF] lib/net462/Microsoft.Extensions.Configuration.UserSecrets.xml 进度: 14/57
2026-06-28 19:47:18.468 +08:00 [INF] lib/net462/Microsoft.Extensions.Configuration.UserSecrets.xml 进度: 15/57
2026-06-28 19:47:18.468 +08:00 [INF] lib/net462/Microsoft.Extensions.Configuration.UserSecrets.xml 进度: 16/57
2026-06-28 19:47:18.468 +08:00 [INF] lib/net462/Microsoft.Extensions.Configuration.UserSecrets.xml 进度: 17/57
2026-06-28 19:47:18.468 +08:00 [INF] lib/net462/Microsoft.Extensions.Configuration.UserSecrets.xml 进度: 18/57
2026-06-28 19:47:18.469 +08:00 [INF] lib/net462/Microsoft.Extensions.Configuration.UserSecrets.xml 进度: 19/57
2026-06-28 19:47:18.469 +08:00 [DBG] 缓存缺失: T:System.Runtime.InteropServices.LibraryImportAttribute
2026-06-28 19:47:18.469 +08:00 [DBG] 缓存缺失: M:System.Runtime.InteropServices.LibraryImportAttribute.#ctor(System.String)
2026-06-28 19:47:18.470 +08:00 [DBG] 缓存缺失: P:System.Runtime.InteropServices.LibraryImportAttribute.LibraryName
2026-06-28 19:47:18.470 +08:00 [DBG] 缓存缺失: P:System.Runtime.InteropServices.LibraryImportAttribute.EntryPoint
2026-06-28 19:47:18.471 +08:00 [DBG] 缓存缺失: P:System.Runtime.InteropServices.LibraryImportAttribute.StringMarshalling
2026-06-28 19:47:18.471 +08:00 [DBG] 缓存缺失: P:System.Runtime.InteropServices.LibraryImportAttribute.StringMarshallingCustomType
2026-06-28 19:47:18.471 +08:00 [DBG] 缓存缺失: P:System.Runtime.InteropServices.LibraryImportAttribute.SetLastError
2026-06-28 19:47:18.471 +08:00 [DBG] 缓存缺失: T:System.Runtime.InteropServices.StringMarshalling
2026-06-28 19:47:18.472 +08:00 [DBG] 缓存缺失: F:System.Runtime.InteropServices.StringMarshalling.Custom
2026-06-28 19:47:18.472 +08:00 [DBG] 缓存缺失: F:System.Runtime.InteropServices.StringMarshalling.Utf8
2026-06-28 19:47:18.472 +08:00 [DBG] 缓存缺失: F:System.Runtime.InteropServices.StringMarshalling.Utf16
2026-06-28 19:47:18.472 +08:00 [DBG] 缓存缺失: T:System.Diagnostics.CodeAnalysis.AllowNullAttribute
2026-06-28 19:47:18.472 +08:00 [DBG] 缓存缺失: T:System.Diagnostics.CodeAnalysis.DisallowNullAttribute
2026-06-28 19:47:18.473 +08:00 [DBG] 缓存缺失: T:System.Diagnostics.CodeAnalysis.MaybeNullAttribute
2026-06-28 19:47:18.473 +08:00 [DBG] 缓存缺失: T:System.Diagnostics.CodeAnalysis.NotNullAttribute
2026-06-28 19:47:18.473 +08:00 [DBG] 缓存缺失: T:System.Diagnostics.CodeAnalysis.MaybeNullWhenAttribute
2026-06-28 19:47:18.474 +08:00 [DBG] 缓存缺失: M:System.Diagnostics.CodeAnalysis.MaybeNullWhenAttribute.#ctor(System.Boolean)
2026-06-28 19:47:18.474 +08:00 [DBG] 缓存缺失: P:System.Diagnostics.CodeAnalysis.MaybeNullWhenAttribute.ReturnValue
2026-06-28 19:47:18.474 +08:00 [DBG] 缓存缺失: T:System.Diagnostics.CodeAnalysis.NotNullWhenAttribute
2026-06-28 19:47:18.474 +08:00 [DBG] 缓存缺失: M:System.Diagnostics.CodeAnalysis.NotNullWhenAttribute.#ctor(System.Boolean)
2026-06-28 19:47:18.475 +08:00 [DBG] 缓存缺失: P:System.Diagnostics.CodeAnalysis.NotNullWhenAttribute.ReturnValue
2026-06-28 19:47:18.475 +08:00 [DBG] 缓存缺失: T:System.Diagnostics.CodeAnalysis.NotNullIfNotNullAttribute
2026-06-28 19:47:18.475 +08:00 [DBG] 缓存缺失: M:System.Diagnostics.CodeAnalysis.NotNullIfNotNullAttribute.#ctor(System.String)
2026-06-28 19:47:18.476 +08:00 [DBG] 缓存缺失: P:System.Diagnostics.CodeAnalysis.NotNullIfNotNullAttribute.ParameterName
2026-06-28 19:47:18.476 +08:00 [DBG] 缓存缺失: T:System.Diagnostics.CodeAnalysis.DoesNotReturnAttribute
2026-06-28 19:47:18.476 +08:00 [DBG] 缓存缺失: T:System.Diagnostics.CodeAnalysis.DoesNotReturnIfAttribute
2026-06-28 19:47:18.476 +08:00 [DBG] 缓存缺失: M:System.Diagnostics.CodeAnalysis.DoesNotReturnIfAttribute.#ctor(System.Boolean)
2026-06-28 19:47:18.477 +08:00 [DBG] 缓存缺失: P:System.Diagnostics.CodeAnalysis.DoesNotReturnIfAttribute.ParameterValue
2026-06-28 19:47:18.477 +08:00 [DBG] 缓存缺失: T:System.Diagnostics.CodeAnalysis.MemberNotNullAttribute
2026-06-28 19:47:18.477 +08:00 [DBG] 缓存缺失: M:System.Diagnostics.CodeAnalysis.MemberNotNullAttribute.#ctor(System.String)
2026-06-28 19:47:18.477 +08:00 [DBG] 缓存缺失: M:System.Diagnostics.CodeAnalysis.MemberNotNullAttribute.#ctor(System.String[])
2026-06-28 19:47:18.478 +08:00 [DBG] 缓存缺失: P:System.Diagnostics.CodeAnalysis.MemberNotNullAttribute.Members
2026-06-28 19:47:18.478 +08:00 [DBG] 缓存缺失: T:System.Diagnostics.CodeAnalysis.MemberNotNullWhenAttribute
2026-06-28 19:47:18.478 +08:00 [DBG] 缓存缺失: M:System.Diagnostics.CodeAnalysis.MemberNotNullWhenAttribute.#ctor(System.Boolean,System.String)
2026-06-28 19:47:18.484 +08:00 [DBG] 缓存缺失: M:System.Diagnostics.CodeAnalysis.MemberNotNullWhenAttribute.#ctor(System.Boolean,System.String[])
2026-06-28 19:47:18.484 +08:00 [DBG] 缓存缺失: P:System.Diagnostics.CodeAnalysis.MemberNotNullWhenAttribute.ReturnValue
2026-06-28 19:47:18.485 +08:00 [DBG] 缓存缺失: P:System.Diagnostics.CodeAnalysis.MemberNotNullWhenAttribute.Members
2026-06-28 19:47:18.485 +08:00 [DBG] 缓存缺失: T:System.ExceptionPolyfills
2026-06-28 19:47:22.248 +08:00 [INF] lib/net462/Microsoft.Extensions.Configuration.UserSecrets.xml 进度: 20/57
2026-06-28 19:47:22.546 +08:00 [INF] lib/net462/Microsoft.Extensions.Configuration.UserSecrets.xml 进度: 21/57
2026-06-28 19:47:22.671 +08:00 [INF] lib/net462/Microsoft.Extensions.Configuration.UserSecrets.xml 进度: 22/57
2026-06-28 19:47:23.467 +08:00 [INF] lib/net462/Microsoft.Extensions.Configuration.UserSecrets.xml 进度: 23/57
2026-06-28 19:47:23.503 +08:00 [INF] lib/net462/Microsoft.Extensions.Configuration.UserSecrets.xml 进度: 24/57
2026-06-28 19:47:23.672 +08:00 [INF] lib/net462/Microsoft.Extensions.Configuration.UserSecrets.xml 进度: 25/57
2026-06-28 19:47:23.888 +08:00 [INF] lib/net462/Microsoft.Extensions.Configuration.UserSecrets.xml 进度: 26/57
2026-06-28 19:47:23.888 +08:00 [INF] lib/net462/Microsoft.Extensions.Configuration.UserSecrets.xml 进度: 27/57
2026-06-28 19:47:24.318 +08:00 [INF] lib/net462/Microsoft.Extensions.Configuration.UserSecrets.xml 进度: 28/57
2026-06-28 19:47:24.625 +08:00 [INF] lib/net462/Microsoft.Extensions.Configuration.UserSecrets.xml 进度: 29/57
2026-06-28 19:47:25.006 +08:00 [INF] lib/net462/Microsoft.Extensions.Configuration.UserSecrets.xml 进度: 30/57
2026-06-28 19:47:25.006 +08:00 [INF] lib/net462/Microsoft.Extensions.Configuration.UserSecrets.xml 进度: 31/57
2026-06-28 19:47:25.117 +08:00 [INF] lib/net462/Microsoft.Extensions.Configuration.UserSecrets.xml 进度: 32/57
2026-06-28 19:47:25.852 +08:00 [INF] lib/net462/Microsoft.Extensions.Configuration.UserSecrets.xml 进度: 33/57
2026-06-28 19:47:26.026 +08:00 [INF] lib/net462/Microsoft.Extensions.Configuration.UserSecrets.xml 进度: 34/57
2026-06-28 19:47:26.026 +08:00 [INF] lib/net462/Microsoft.Extensions.Configuration.UserSecrets.xml 进度: 35/57
2026-06-28 19:47:26.539 +08:00 [INF] lib/net462/Microsoft.Extensions.Configuration.UserSecrets.xml 进度: 36/57
2026-06-28 19:47:27.168 +08:00 [INF] lib/net462/Microsoft.Extensions.Configuration.UserSecrets.xml 进度: 37/57
2026-06-28 19:47:27.491 +08:00 [INF] lib/net462/Microsoft.Extensions.Configuration.UserSecrets.xml 进度: 38/57
2026-06-28 19:47:27.508 +08:00 [INF] lib/net462/Microsoft.Extensions.Configuration.UserSecrets.xml 进度: 39/57
2026-06-28 19:47:28.535 +08:00 [INF] lib/net462/Microsoft.Extensions.Configuration.UserSecrets.xml 进度: 40/57
2026-06-28 19:47:28.601 +08:00 [INF] lib/net462/Microsoft.Extensions.Configuration.UserSecrets.xml 进度: 41/57
2026-06-28 19:47:29.118 +08:00 [INF] lib/net462/Microsoft.Extensions.Configuration.UserSecrets.xml 进度: 42/57
2026-06-28 19:47:29.304 +08:00 [INF] lib/net462/Microsoft.Extensions.Configuration.UserSecrets.xml 进度: 43/57
2026-06-28 19:47:29.334 +08:00 [INF] lib/net462/Microsoft.Extensions.Configuration.UserSecrets.xml 进度: 44/57
2026-06-28 19:47:30.683 +08:00 [INF] lib/net462/Microsoft.Extensions.Configuration.UserSecrets.xml 进度: 45/57
2026-06-28 19:47:34.537 +08:00 [INF] lib/net462/Microsoft.Extensions.Configuration.UserSecrets.xml 进度: 46/57
2026-06-28 19:47:38.215 +08:00 [INF] lib/net462/Microsoft.Extensions.Configuration.UserSecrets.xml 进度: 47/57
2026-06-28 19:47:38.452 +08:00 [INF] lib/net462/Microsoft.Extensions.Configuration.UserSecrets.xml 进度: 48/57
2026-06-28 19:47:42.413 +08:00 [INF] lib/net462/Microsoft.Extensions.Configuration.UserSecrets.xml 进度: 49/57
2026-06-28 19:47:52.958 +08:00 [INF] lib/net462/Microsoft.Extensions.Configuration.UserSecrets.xml 进度: 50/57
2026-06-28 19:47:55.213 +08:00 [INF] lib/net462/Microsoft.Extensions.Configuration.UserSecrets.xml 进度: 51/57
2026-06-28 19:47:59.319 +08:00 [INF] lib/net462/Microsoft.Extensions.Configuration.UserSecrets.xml 进度: 52/57
2026-06-28 19:47:59.818 +08:00 [INF] lib/net462/Microsoft.Extensions.Configuration.UserSecrets.xml 进度: 53/57
2026-06-28 19:48:02.685 +08:00 [INF] lib/net462/Microsoft.Extensions.Configuration.UserSecrets.xml 进度: 54/57
2026-06-28 19:48:06.075 +08:00 [INF] lib/net462/Microsoft.Extensions.Configuration.UserSecrets.xml 进度: 55/57
