2026-06-28 17:24:16.542 +08:00 [INF] 正在提取文件: lib/net10.0/Microsoft.Extensions.Logging.xml
2026-06-28 17:24:16.543 +08:00 [INF] 正在提取文件: lib/net462/Microsoft.Extensions.Logging.xml
2026-06-28 17:24:16.544 +08:00 [INF] 正在提取文件: lib/net8.0/Microsoft.Extensions.Logging.xml
2026-06-28 17:24:16.545 +08:00 [INF] 正在提取文件: lib/net9.0/Microsoft.Extensions.Logging.xml
2026-06-28 17:24:16.546 +08:00 [INF] 正在提取文件: lib/netstandard2.0/Microsoft.Extensions.Logging.xml
2026-06-28 17:24:16.546 +08:00 [INF] 正在提取文件: lib/netstandard2.1/Microsoft.Extensions.Logging.xml
2026-06-28 17:24:16.574 +08:00 [DBG] 缓存缺失: T:Microsoft.Extensions.Logging.ActivityTrackingOptions
2026-06-28 17:24:16.575 +08:00 [DBG] 缓存缺失: F:Microsoft.Extensions.Logging.ActivityTrackingOptions.None
2026-06-28 17:24:16.576 +08:00 [DBG] 缓存缺失: F:Microsoft.Extensions.Logging.ActivityTrackingOptions.SpanId
2026-06-28 17:24:16.576 +08:00 [DBG] 缓存缺失: F:Microsoft.Extensions.Logging.ActivityTrackingOptions.TraceId
2026-06-28 17:24:16.577 +08:00 [DBG] 缓存缺失: F:Microsoft.Extensions.Logging.ActivityTrackingOptions.ParentId
2026-06-28 17:24:16.578 +08:00 [DBG] 缓存缺失: F:Microsoft.Extensions.Logging.ActivityTrackingOptions.TraceState
2026-06-28 17:24:16.578 +08:00 [DBG] 缓存缺失: F:Microsoft.Extensions.Logging.ActivityTrackingOptions.TraceFlags
2026-06-28 17:24:16.579 +08:00 [DBG] 缓存缺失: F:Microsoft.Extensions.Logging.ActivityTrackingOptions.Tags
2026-06-28 17:24:16.579 +08:00 [DBG] 缓存缺失: F:Microsoft.Extensions.Logging.ActivityTrackingOptions.Baggage
2026-06-28 17:24:16.579 +08:00 [DBG] 缓存缺失: T:Microsoft.Extensions.Logging.FilterLoggingBuilderExtensions
2026-06-28 17:24:16.580 +08:00 [DBG] 缓存缺失: M:Microsoft.Extensions.Logging.FilterLoggingBuilderExtensions.AddFilter(Microsoft.Extensions.Logging.ILoggingBuilder,System.Func{System.String,System.String,Microsoft.Extensions.Logging.LogLevel,System.Boolean})
2026-06-28 17:24:16.580 +08:00 [DBG] 缓存缺失: M:Microsoft.Extensions.Logging.FilterLoggingBuilderExtensions.AddFilter(Microsoft.Extensions.Logging.ILoggingBuilder,System.Func{System.String,Microsoft.Extensions.Logging.LogLevel,System.Boolean})
2026-06-28 17:24:16.580 +08:00 [DBG] 缓存缺失: M:Microsoft.Extensions.Logging.FilterLoggingBuilderExtensions.AddFilter``1(Microsoft.Extensions.Logging.ILoggingBuilder,System.Func{System.String,Microsoft.Extensions.Logging.LogLevel,System.Boolean})
2026-06-28 17:24:16.581 +08:00 [DBG] 缓存缺失: M:Microsoft.Extensions.Logging.FilterLoggingBuilderExtensions.AddFilter(Microsoft.Extensions.Logging.ILoggingBuilder,System.Func{Microsoft.Extensions.Logging.LogLevel,System.Boolean})
2026-06-28 17:24:16.581 +08:00 [DBG] 缓存缺失: M:Microsoft.Extensions.Logging.FilterLoggingBuilderExtensions.AddFilter``1(Microsoft.Extensions.Logging.ILoggingBuilder,System.Func{Microsoft.Extensions.Logging.LogLevel,System.Boolean})
2026-06-28 17:24:16.582 +08:00 [DBG] 缓存缺失: M:Microsoft.Extensions.Logging.FilterLoggingBuilderExtensions.AddFilter(Microsoft.Extensions.Logging.ILoggingBuilder,System.String,Microsoft.Extensions.Logging.LogLevel)
2026-06-28 17:24:16.582 +08:00 [DBG] 缓存缺失: M:Microsoft.Extensions.Logging.FilterLoggingBuilderExtensions.AddFilter``1(Microsoft.Extensions.Logging.ILoggingBuilder,System.String,Microsoft.Extensions.Logging.LogLevel)
2026-06-28 17:24:16.582 +08:00 [DBG] 缓存缺失: M:Microsoft.Extensions.Logging.FilterLoggingBuilderExtensions.AddFilter(Microsoft.Extensions.Logging.ILoggingBuilder,System.String,System.Func{Microsoft.Extensions.Logging.LogLevel,System.Boolean})
2026-06-28 17:24:16.583 +08:00 [DBG] 缓存缺失: M:Microsoft.Extensions.Logging.FilterLoggingBuilderExtensions.AddFilter``1(Microsoft.Extensions.Logging.ILoggingBuilder,System.String,System.Func{Microsoft.Extensions.Logging.LogLevel,System.Boolean})
2026-06-28 17:24:16.584 +08:00 [DBG] 缓存缺失: M:Microsoft.Extensions.Logging.FilterLoggingBuilderExtensions.AddFilter(Microsoft.Extensions.Logging.LoggerFilterOptions,System.Func{System.String,System.String,Microsoft.Extensions.Logging.LogLevel,System.Boolean})
2026-06-28 17:24:16.584 +08:00 [DBG] 缓存缺失: M:Microsoft.Extensions.Logging.FilterLoggingBuilderExtensions.AddFilter(Microsoft.Extensions.Logging.LoggerFilterOptions,System.Func{System.String,Microsoft.Extensions.Logging.LogLevel,System.Boolean})
2026-06-28 17:24:16.585 +08:00 [DBG] 缓存缺失: M:Microsoft.Extensions.Logging.FilterLoggingBuilderExtensions.AddFilter``1(Microsoft.Extensions.Logging.LoggerFilterOptions,System.Func{System.String,Microsoft.Extensions.Logging.LogLevel,System.Boolean})
2026-06-28 17:24:16.586 +08:00 [DBG] 缓存缺失: M:Microsoft.Extensions.Logging.FilterLoggingBuilderExtensions.AddFilter(Microsoft.Extensions.Logging.LoggerFilterOptions,System.Func{Microsoft.Extensions.Logging.LogLevel,System.Boolean})
2026-06-28 17:24:16.586 +08:00 [DBG] 缓存缺失: M:Microsoft.Extensions.Logging.FilterLoggingBuilderExtensions.AddFilter``1(Microsoft.Extensions.Logging.LoggerFilterOptions,System.Func{Microsoft.Extensions.Logging.LogLevel,System.Boolean})
2026-06-28 17:24:16.587 +08:00 [DBG] 缓存缺失: M:Microsoft.Extensions.Logging.FilterLoggingBuilderExtensions.AddFilter(Microsoft.Extensions.Logging.LoggerFilterOptions,System.String,Microsoft.Extensions.Logging.LogLevel)
2026-06-28 17:24:16.587 +08:00 [DBG] 缓存缺失: M:Microsoft.Extensions.Logging.FilterLoggingBuilderExtensions.AddFilter``1(Microsoft.Extensions.Logging.LoggerFilterOptions,System.String,Microsoft.Extensions.Logging.LogLevel)
2026-06-28 17:24:16.588 +08:00 [DBG] 缓存缺失: M:Microsoft.Extensions.Logging.FilterLoggingBuilderExtensions.AddFilter(Microsoft.Extensions.Logging.LoggerFilterOptions,System.String,System.Func{Microsoft.Extensions.Logging.LogLevel,System.Boolean})
2026-06-28 17:24:16.589 +08:00 [DBG] 缓存缺失: M:Microsoft.Extensions.Logging.FilterLoggingBuilderExtensions.AddFilter``1(Microsoft.Extensions.Logging.LoggerFilterOptions,System.String,System.Func{Microsoft.Extensions.Logging.LogLevel,System.Boolean})
2026-06-28 17:24:16.590 +08:00 [DBG] 缓存缺失: T:Microsoft.Extensions.Logging.LoggerFactory
2026-06-28 17:24:16.590 +08:00 [DBG] 缓存缺失: M:Microsoft.Extensions.Logging.LoggerFactory.#ctor
2026-06-28 17:24:16.591 +08:00 [DBG] 缓存缺失: M:Microsoft.Extensions.Logging.LoggerFactory.#ctor(System.Collections.Generic.IEnumerable{Microsoft.Extensions.Logging.ILoggerProvider})
2026-06-28 17:24:16.592 +08:00 [DBG] 缓存缺失: M:Microsoft.Extensions.Logging.LoggerFactory.#ctor(System.Collections.Generic.IEnumerable{Microsoft.Extensions.Logging.ILoggerProvider},Microsoft.Extensions.Logging.LoggerFilterOptions)
2026-06-28 17:24:16.592 +08:00 [DBG] 缓存缺失: M:Microsoft.Extensions.Logging.LoggerFactory.#ctor(System.Collections.Generic.IEnumerable{Microsoft.Extensions.Logging.ILoggerProvider},Microsoft.Extensions.Options.IOptionsMonitor{Microsoft.Extensions.Logging.LoggerFilterOptions})
2026-06-28 17:24:16.593 +08:00 [DBG] 缓存缺失: M:Microsoft.Extensions.Logging.LoggerFactory.#ctor(System.Collections.Generic.IEnumerable{Microsoft.Extensions.Logging.ILoggerProvider},Microsoft.Extensions.Options.IOptionsMonitor{Microsoft.Extensions.Logging.LoggerFilterOptions},Microsoft.Extensions.Options.IOptions{Microsoft.Extensions.Logging.LoggerFactoryOptions})
2026-06-28 17:24:16.593 +08:00 [DBG] 缓存缺失: M:Microsoft.Extensions.Logging.LoggerFactory.#ctor(System.Collections.Generic.IEnumerable{Microsoft.Extensions.Logging.ILoggerProvider},Microsoft.Extensions.Options.IOptionsMonitor{Microsoft.Extensions.Logging.LoggerFilterOptions},Microsoft.Extensions.Options.IOptions{Microsoft.Extensions.Logging.LoggerFactoryOptions},Microsoft.Extensions.Logging.IExternalScopeProvider)
2026-06-28 17:24:16.594 +08:00 [DBG] 缓存缺失: M:Microsoft.Extensions.Logging.LoggerFactory.Create(System.Action{Microsoft.Extensions.Logging.ILoggingBuilder})
2026-06-28 17:24:16.595 +08:00 [DBG] 缓存缺失: M:Microsoft.Extensions.Logging.LoggerFactory.CreateLogger(System.String)
2026-06-28 17:24:16.596 +08:00 [DBG] 缓存缺失: M:Microsoft.Extensions.Logging.LoggerFactory.AddProvider(Microsoft.Extensions.Logging.ILoggerProvider)
2026-06-28 17:24:16.596 +08:00 [DBG] 缓存缺失: M:Microsoft.Extensions.Logging.LoggerFactory.CheckDisposed
2026-06-28 17:24:16.597 +08:00 [DBG] 缓存缺失: M:Microsoft.Extensions.Logging.LoggerFactory.Dispose
2026-06-28 17:24:16.597 +08:00 [DBG] 缓存缺失: T:Microsoft.Extensions.Logging.LoggerFactoryOptions
2026-06-28 17:24:16.597 +08:00 [DBG] 缓存缺失: M:Microsoft.Extensions.Logging.LoggerFactoryOptions.#ctor
2026-06-28 17:24:16.598 +08:00 [DBG] 缓存缺失: P:Microsoft.Extensions.Logging.LoggerFactoryOptions.ActivityTrackingOptions
2026-06-28 17:24:16.598 +08:00 [DBG] 缓存缺失: T:Microsoft.Extensions.Logging.LoggerFactoryScopeProvider
2026-06-28 17:24:16.598 +08:00 [DBG] 缓存缺失: T:Microsoft.Extensions.Logging.LoggerFilterOptions
2026-06-28 17:24:16.599 +08:00 [DBG] 缓存缺失: M:Microsoft.Extensions.Logging.LoggerFilterOptions.#ctor
2026-06-28 17:24:16.599 +08:00 [DBG] 缓存缺失: P:Microsoft.Extensions.Logging.LoggerFilterOptions.CaptureScopes
2026-06-28 17:24:16.599 +08:00 [DBG] 缓存缺失: P:Microsoft.Extensions.Logging.LoggerFilterOptions.MinLevel
2026-06-28 17:24:16.599 +08:00 [DBG] 缓存缺失: P:Microsoft.Extensions.Logging.LoggerFilterOptions.Rules
2026-06-28 17:24:16.600 +08:00 [DBG] 缓存缺失: T:Microsoft.Extensions.Logging.LoggerFilterRule
2026-06-28 17:24:16.600 +08:00 [DBG] 缓存缺失: M:Microsoft.Extensions.Logging.LoggerFilterRule.#ctor(System.String,System.String,System.Nullable{Microsoft.Extensions.Logging.LogLevel},System.Func{System.String,System.String,Microsoft.Extensions.Logging.LogLevel,System.Boolean})
2026-06-28 17:24:16.600 +08:00 [DBG] 缓存缺失: P:Microsoft.Extensions.Logging.LoggerFilterRule.ProviderName
2026-06-28 17:24:16.600 +08:00 [DBG] 缓存缺失: P:Microsoft.Extensions.Logging.LoggerFilterRule.CategoryName
2026-06-28 17:24:16.601 +08:00 [DBG] 缓存缺失: P:Microsoft.Extensions.Logging.LoggerFilterRule.LogLevel
2026-06-28 17:24:16.601 +08:00 [DBG] 缓存缺失: P:Microsoft.Extensions.Logging.LoggerFilterRule.Filter
2026-06-28 17:24:16.601 +08:00 [DBG] 缓存缺失: M:Microsoft.Extensions.Logging.LoggerFilterRule.ToString
2026-06-28 17:24:16.601 +08:00 [DBG] 缓存缺失: T:Microsoft.Extensions.Logging.LoggingBuilderExtensions
2026-06-28 17:24:16.602 +08:00 [DBG] 缓存缺失: M:Microsoft.Extensions.Logging.LoggingBuilderExtensions.SetMinimumLevel(Microsoft.Extensions.Logging.ILoggingBuilder,Microsoft.Extensions.Logging.LogLevel)
2026-06-28 17:24:16.602 +08:00 [DBG] 缓存缺失: M:Microsoft.Extensions.Logging.LoggingBuilderExtensions.AddProvider(Microsoft.Extensions.Logging.ILoggingBuilder,Microsoft.Extensions.Logging.ILoggerProvider)
2026-06-28 17:24:16.602 +08:00 [DBG] 缓存缺失: M:Microsoft.Extensions.Logging.LoggingBuilderExtensions.ClearProviders(Microsoft.Extensions.Logging.ILoggingBuilder)
2026-06-28 17:24:16.603 +08:00 [DBG] 缓存缺失: M:Microsoft.Extensions.Logging.LoggingBuilderExtensions.Configure(Microsoft.Extensions.Logging.ILoggingBuilder,System.Action{Microsoft.Extensions.Logging.LoggerFactoryOptions})
2026-06-28 17:24:16.603 +08:00 [DBG] 缓存缺失: T:Microsoft.Extensions.Logging.NullExternalScopeProvider
2026-06-28 17:24:16.603 +08:00 [DBG] 缓存缺失: P:Microsoft.Extensions.Logging.NullExternalScopeProvider.Instance
2026-06-28 17:24:16.603 +08:00 [DBG] 缓存缺失: M:Microsoft.Extensions.Logging.NullExternalScopeProvider.Microsoft#Extensions#Logging#IExternalScopeProvider#ForEachScope``1(System.Action{System.Object,``0},``0)
2026-06-28 17:24:16.604 +08:00 [DBG] 缓存缺失: M:Microsoft.Extensions.Logging.NullExternalScopeProvider.Microsoft#Extensions#Logging#IExternalScopeProvider#Push(System.Object)
2026-06-28 17:24:16.605 +08:00 [DBG] 缓存缺失: T:Microsoft.Extensions.Logging.NullScope
2026-06-28 17:24:16.606 +08:00 [DBG] 缓存缺失: M:Microsoft.Extensions.Logging.NullScope.Dispose
2026-06-28 17:24:16.606 +08:00 [DBG] 缓存缺失: T:Microsoft.Extensions.DependencyInjection.LoggingServiceCollectionExtensions
2026-06-28 17:24:16.607 +08:00 [DBG] 缓存缺失: M:Microsoft.Extensions.DependencyInjection.LoggingServiceCollectionExtensions.AddLogging(Microsoft.Extensions.DependencyInjection.IServiceCollection)
2026-06-28 17:24:16.608 +08:00 [DBG] 缓存缺失: M:Microsoft.Extensions.DependencyInjection.LoggingServiceCollectionExtensions.AddLogging(Microsoft.Extensions.DependencyInjection.IServiceCollection,System.Action{Microsoft.Extensions.Logging.ILoggingBuilder})
2026-06-28 17:24:16.608 +08:00 [DBG] 缓存缺失: P:System.SR.InvalidActivityTrackingOptions
2026-06-28 17:24:16.609 +08:00 [DBG] 缓存缺失: P:System.SR.MoreThanOneWildcard
2026-06-28 17:24:19.728 +08:00 [INF] lib/net10.0/Microsoft.Extensions.Logging.xml 进度: 1/72
2026-06-28 17:24:20.055 +08:00 [INF] lib/net10.0/Microsoft.Extensions.Logging.xml 进度: 2/72
2026-06-28 17:24:20.410 +08:00 [INF] lib/net10.0/Microsoft.Extensions.Logging.xml 进度: 3/72
2026-06-28 17:24:20.652 +08:00 [INF] lib/net10.0/Microsoft.Extensions.Logging.xml 进度: 4/72
2026-06-28 17:24:20.785 +08:00 [INF] lib/net10.0/Microsoft.Extensions.Logging.xml 进度: 5/72
2026-06-28 17:24:21.181 +08:00 [INF] lib/net10.0/Microsoft.Extensions.Logging.xml 进度: 6/72
2026-06-28 17:24:21.208 +08:00 [INF] lib/net10.0/Microsoft.Extensions.Logging.xml 进度: 7/72
2026-06-28 17:24:21.307 +08:00 [INF] lib/net10.0/Microsoft.Extensions.Logging.xml 进度: 8/72
2026-06-28 17:24:21.362 +08:00 [INF] lib/net10.0/Microsoft.Extensions.Logging.xml 进度: 9/72
2026-06-28 17:24:21.390 +08:00 [INF] lib/net10.0/Microsoft.Extensions.Logging.xml 进度: 10/72
2026-06-28 17:24:21.657 +08:00 [INF] lib/net10.0/Microsoft.Extensions.Logging.xml 进度: 11/72
2026-06-28 17:24:21.806 +08:00 [INF] lib/net10.0/Microsoft.Extensions.Logging.xml 进度: 12/72
2026-06-28 17:24:21.894 +08:00 [INF] lib/net10.0/Microsoft.Extensions.Logging.xml 进度: 13/72
2026-06-28 17:24:21.964 +08:00 [INF] lib/net10.0/Microsoft.Extensions.Logging.xml 进度: 14/72
2026-06-28 17:24:21.995 +08:00 [INF] lib/net10.0/Microsoft.Extensions.Logging.xml 进度: 15/72
2026-06-28 17:24:22.050 +08:00 [INF] lib/net10.0/Microsoft.Extensions.Logging.xml 进度: 16/72
2026-06-28 17:24:22.066 +08:00 [INF] lib/net10.0/Microsoft.Extensions.Logging.xml 进度: 17/72
2026-06-28 17:24:22.115 +08:00 [INF] lib/net10.0/Microsoft.Extensions.Logging.xml 进度: 18/72
2026-06-28 17:24:22.303 +08:00 [INF] lib/net10.0/Microsoft.Extensions.Logging.xml 进度: 19/72
2026-06-28 17:24:22.419 +08:00 [INF] lib/net10.0/Microsoft.Extensions.Logging.xml 进度: 20/72
2026-06-28 17:24:22.475 +08:00 [INF] lib/net10.0/Microsoft.Extensions.Logging.xml 进度: 21/72
2026-06-28 17:24:22.488 +08:00 [INF] lib/net10.0/Microsoft.Extensions.Logging.xml 进度: 22/72
2026-06-28 17:24:22.490 +08:00 [INF] lib/net10.0/Microsoft.Extensions.Logging.xml 进度: 23/72
2026-06-28 17:24:22.729 +08:00 [INF] lib/net10.0/Microsoft.Extensions.Logging.xml 进度: 24/72
2026-06-28 17:24:23.028 +08:00 [INF] lib/net10.0/Microsoft.Extensions.Logging.xml 进度: 25/72
2026-06-28 17:24:23.056 +08:00 [INF] lib/net10.0/Microsoft.Extensions.Logging.xml 进度: 26/72
2026-06-28 17:24:23.076 +08:00 [INF] lib/net10.0/Microsoft.Extensions.Logging.xml 进度: 27/72
2026-06-28 17:24:23.307 +08:00 [INF] lib/net10.0/Microsoft.Extensions.Logging.xml 进度: 28/72
2026-06-28 17:24:23.395 +08:00 [INF] lib/net10.0/Microsoft.Extensions.Logging.xml 进度: 29/72
2026-06-28 17:24:23.589 +08:00 [INF] lib/net10.0/Microsoft.Extensions.Logging.xml 进度: 30/72
2026-06-28 17:24:24.351 +08:00 [INF] lib/net10.0/Microsoft.Extensions.Logging.xml 进度: 31/72
2026-06-28 17:24:24.400 +08:00 [INF] lib/net10.0/Microsoft.Extensions.Logging.xml 进度: 32/72
2026-06-28 17:24:24.421 +08:00 [INF] lib/net10.0/Microsoft.Extensions.Logging.xml 进度: 33/72
2026-06-28 17:24:24.573 +08:00 [INF] lib/net10.0/Microsoft.Extensions.Logging.xml 进度: 34/72
2026-06-28 17:24:24.658 +08:00 [INF] lib/net10.0/Microsoft.Extensions.Logging.xml 进度: 35/72
2026-06-28 17:24:25.158 +08:00 [INF] lib/net10.0/Microsoft.Extensions.Logging.xml 进度: 36/72
2026-06-28 17:24:25.446 +08:00 [INF] lib/net10.0/Microsoft.Extensions.Logging.xml 进度: 37/72
2026-06-28 17:24:25.826 +08:00 [INF] lib/net10.0/Microsoft.Extensions.Logging.xml 进度: 38/72
2026-06-28 17:24:26.163 +08:00 [INF] lib/net10.0/Microsoft.Extensions.Logging.xml 进度: 39/72
2026-06-28 17:24:26.676 +08:00 [INF] lib/net10.0/Microsoft.Extensions.Logging.xml 进度: 40/72
2026-06-28 17:24:26.705 +08:00 [INF] lib/net10.0/Microsoft.Extensions.Logging.xml 进度: 41/72
2026-06-28 17:24:26.911 +08:00 [INF] lib/net10.0/Microsoft.Extensions.Logging.xml 进度: 42/72
2026-06-28 17:24:28.126 +08:00 [INF] lib/net10.0/Microsoft.Extensions.Logging.xml 进度: 43/72
2026-06-28 17:24:28.222 +08:00 [INF] lib/net10.0/Microsoft.Extensions.Logging.xml 进度: 44/72
2026-06-28 17:24:28.312 +08:00 [INF] lib/net10.0/Microsoft.Extensions.Logging.xml 进度: 45/72
2026-06-28 17:24:28.724 +08:00 [INF] lib/net10.0/Microsoft.Extensions.Logging.xml 进度: 46/72
2026-06-28 17:24:29.785 +08:00 [INF] lib/net10.0/Microsoft.Extensions.Logging.xml 进度: 47/72
2026-06-28 17:24:30.030 +08:00 [INF] lib/net10.0/Microsoft.Extensions.Logging.xml 进度: 48/72
2026-06-28 17:24:31.161 +08:00 [INF] lib/net10.0/Microsoft.Extensions.Logging.xml 进度: 49/72
2026-06-28 17:24:31.400 +08:00 [WRN] 翻译结果的成员名称与原文不匹配，原文: <member name="M:Microsoft.Extensions.Logging.LoggerFactory.#ctor(System.Collections.Generic.IEnumerable{Microsoft.Extensions.Logging.ILoggerProvider},Microsoft.Extensions.Options.IOptionsMonitor{Microsoft.Extensions.Logging.LoggerFilterOptions},Microsoft.Extensions.Options.IOptions{Microsoft.Extensions.Logging.LoggerFactoryOptions},Microsoft.Extensions.Logging.IExternalScopeProvider)">
            <summary>
            Creates a new <see cref="T:Microsoft.Extensions.Logging.LoggerFactory" /> instance.
            </summary>
            <param name="providers">The providers to use in producing <see cref="T:Microsoft.Extensions.Logging.ILogger" /> instances.</param>
            <param name="filterOption">The filter option to use.</param>
            <param name="options">The <see cref="T:Microsoft.Extensions.Logging.LoggerFactoryOptions" />.</param>
            <param name="scopeProvider">The <see cref="T:Microsoft.Extensions.Logging.IExternalScopeProvider" />.</param>
        </member>, 翻译结果: <member name="M:Microsoft.Extensions.Logging.LoggerFactory.#ctor(System.Collections.Generic.IEnumerable{Microsoft.Extensions.Logging.ILoggerProvider},Microsoft.Extensions.Logging.IOptionsMonitor{Microsoft.Extensions.Logging.LoggerFilterOptions},Microsoft.Extensions.Logging.IOptions{Microsoft.Extensions.Logging.LoggerFactoryOptions},Microsoft.Extensions.Logging.IExternalScopeProvider)">
    <summary>
    创建一个新的 <see cref="T:Microsoft.Extensions.Logging.LoggerFactory" /> 实例。
    </summary>
    <param name="providers">用于生成 <see cref="T:Microsoft.Extensions.Logging.ILogger" /> 实例的提供程序。</param>
    <param name="filterOption">要使用的筛选器选项。</param>
    <param name="options"><see cref="T:Microsoft.Extensions.Logging.LoggerFactoryOptions" />。</param>
    <param name="scopeProvider"><see cref="T:Microsoft.Extensions.Logging.IExternalScopeProvider" />。</param>
</member>
2026-06-28 17:24:32.275 +08:00 [INF] lib/net10.0/Microsoft.Extensions.Logging.xml 进度: 50/72
2026-06-28 17:24:33.392 +08:00 [DBG] 缓存缺失: M:Microsoft.Extensions.Logging.LoggerFactory.#ctor(System.Collections.Generic.IEnumerable{Microsoft.Extensions.Logging.ILoggerProvider},Microsoft.Extensions.Options.IOptionsMonitor{Microsoft.Extensions.Logging.LoggerFilterOptions},Microsoft.Extensions.Options.IOptions{Microsoft.Extensions.Logging.LoggerFactoryOptions},Microsoft.Extensions.Logging.IExternalScopeProvider)
2026-06-28 17:24:34.047 +08:00 [INF] lib/net10.0/Microsoft.Extensions.Logging.xml 进度: 51/72
2026-06-28 17:24:34.264 +08:00 [INF] lib/net10.0/Microsoft.Extensions.Logging.xml 进度: 52/72
2026-06-28 17:24:36.641 +08:00 [INF] lib/net10.0/Microsoft.Extensions.Logging.xml 进度: 53/72
2026-06-28 17:24:36.713 +08:00 [INF] lib/net10.0/Microsoft.Extensions.Logging.xml 进度: 54/72
2026-06-28 17:24:39.404 +08:00 [INF] lib/net10.0/Microsoft.Extensions.Logging.xml 进度: 55/72
2026-06-28 17:24:44.883 +08:00 [INF] lib/net10.0/Microsoft.Extensions.Logging.xml 进度: 56/72
2026-06-28 17:24:45.043 +08:00 [INF] lib/net10.0/Microsoft.Extensions.Logging.xml 进度: 57/72
2026-06-28 17:24:45.908 +08:00 [WRN] 翻译结果的成员名称与原文不匹配，原文: <member name="M:Microsoft.Extensions.Logging.LoggerFactory.#ctor(System.Collections.Generic.IEnumerable{Microsoft.Extensions.Logging.ILoggerProvider},Microsoft.Extensions.Options.IOptionsMonitor{Microsoft.Extensions.Logging.LoggerFilterOptions},Microsoft.Extensions.Options.IOptions{Microsoft.Extensions.Logging.LoggerFactoryOptions},Microsoft.Extensions.Logging.IExternalScopeProvider)">
            <summary>
            Creates a new <see cref="T:Microsoft.Extensions.Logging.LoggerFactory" /> instance.
            </summary>
            <param name="providers">The providers to use in producing <see cref="T:Microsoft.Extensions.Logging.ILogger" /> instances.</param>
            <param name="filterOption">The filter option to use.</param>
            <param name="options">The <see cref="T:Microsoft.Extensions.Logging.LoggerFactoryOptions" />.</param>
            <param name="scopeProvider">The <see cref="T:Microsoft.Extensions.Logging.IExternalScopeProvider" />.</param>
        </member>, 翻译结果: <member name="M:Microsoft.Extensions.Logging.LoggerFactory.#ctor(System.Collections.Generic.IEnumerable{Microsoft.Extensions.Logging.ILoggerProvider},Microsoft.Extensions.Logging.IOptionsMonitor{Microsoft.Extensions.Logging.LoggerFilterOptions},Microsoft.Extensions.Logging.IOptions{Microsoft.Extensions.Logging.LoggerFactoryOptions},Microsoft.Extensions.Logging.IExternalScopeProvider)">
            <summary>
            创建一个新的 <see cref="T:Microsoft.Extensions.Logging.LoggerFactory" /> 实例。
            </summary>
            <param name="providers">用于生成 <see cref="T:Microsoft.Extensions.Logging.ILogger" /> 实例的提供程序。</param>
            <param name="filterOption">要使用的筛选器选项。</param>
            <param name="options"><see cref="T:Microsoft.Extensions.Logging.LoggerFactoryOptions" />。</param>
            <param name="scopeProvider"><see cref="T:Microsoft.Extensions.Logging.IExternalScopeProvider" />。</param>
        </member>
2026-06-28 17:24:46.492 +08:00 [INF] lib/net10.0/Microsoft.Extensions.Logging.xml 进度: 58/72
2026-06-28 17:24:47.909 +08:00 [DBG] 缓存缺失: M:Microsoft.Extensions.Logging.LoggerFactory.#ctor(System.Collections.Generic.IEnumerable{Microsoft.Extensions.Logging.ILoggerProvider},Microsoft.Extensions.Options.IOptionsMonitor{Microsoft.Extensions.Logging.LoggerFilterOptions},Microsoft.Extensions.Options.IOptions{Microsoft.Extensions.Logging.LoggerFactoryOptions},Microsoft.Extensions.Logging.IExternalScopeProvider)
2026-06-28 17:24:49.183 +08:00 [INF] lib/net10.0/Microsoft.Extensions.Logging.xml 进度: 59/72
2026-06-28 17:24:49.698 +08:00 [INF] lib/net10.0/Microsoft.Extensions.Logging.xml 进度: 60/72
2026-06-28 17:24:56.988 +08:00 [INF] lib/net10.0/Microsoft.Extensions.Logging.xml 进度: 61/72
2026-06-28 17:24:57.125 +08:00 [INF] lib/net10.0/Microsoft.Extensions.Logging.xml 进度: 62/72
2026-06-28 17:24:58.937 +08:00 [INF] lib/net10.0/Microsoft.Extensions.Logging.xml 进度: 63/72
2026-06-28 17:25:00.924 +08:00 [INF] lib/net10.0/Microsoft.Extensions.Logging.xml 进度: 64/72
2026-06-28 17:25:01.937 +08:00 [INF] lib/net10.0/Microsoft.Extensions.Logging.xml 进度: 65/72
2026-06-28 17:25:04.157 +08:00 [INF] lib/net10.0/Microsoft.Extensions.Logging.xml 进度: 66/72
2026-06-28 17:25:09.509 +08:00 [INF] lib/net10.0/Microsoft.Extensions.Logging.xml 进度: 67/72
2026-06-28 17:25:11.948 +08:00 [INF] lib/net10.0/Microsoft.Extensions.Logging.xml 进度: 68/72
2026-06-28 17:45:16.273 +08:00 [INF] 正在提取文件: lib/net10.0/Microsoft.Extensions.Logging.xml
2026-06-28 17:45:16.274 +08:00 [INF] 正在提取文件: lib/net462/Microsoft.Extensions.Logging.xml
2026-06-28 17:45:16.275 +08:00 [INF] 正在提取文件: lib/net8.0/Microsoft.Extensions.Logging.xml
2026-06-28 17:45:16.275 +08:00 [INF] 正在提取文件: lib/net9.0/Microsoft.Extensions.Logging.xml
2026-06-28 17:45:16.277 +08:00 [INF] 正在提取文件: lib/netstandard2.0/Microsoft.Extensions.Logging.xml
2026-06-28 17:45:16.279 +08:00 [INF] 正在提取文件: lib/netstandard2.1/Microsoft.Extensions.Logging.xml
2026-06-28 17:45:16.287 +08:00 [INF] lib/net10.0/Microsoft.Extensions.Logging.xml 进度: 1/72
2026-06-28 17:45:16.287 +08:00 [DBG] 缓存缺失: F:Microsoft.Extensions.Logging.ActivityTrackingOptions.None
2026-06-28 17:45:16.289 +08:00 [INF] lib/net10.0/Microsoft.Extensions.Logging.xml 进度: 2/72
2026-06-28 17:45:16.289 +08:00 [INF] lib/net10.0/Microsoft.Extensions.Logging.xml 进度: 3/72
2026-06-28 17:45:16.290 +08:00 [INF] lib/net10.0/Microsoft.Extensions.Logging.xml 进度: 4/72
2026-06-28 17:45:16.290 +08:00 [INF] lib/net10.0/Microsoft.Extensions.Logging.xml 进度: 5/72
2026-06-28 17:45:16.290 +08:00 [INF] lib/net10.0/Microsoft.Extensions.Logging.xml 进度: 6/72
2026-06-28 17:45:16.290 +08:00 [INF] lib/net10.0/Microsoft.Extensions.Logging.xml 进度: 7/72
2026-06-28 17:45:16.291 +08:00 [INF] lib/net10.0/Microsoft.Extensions.Logging.xml 进度: 8/72
2026-06-28 17:45:16.291 +08:00 [INF] lib/net10.0/Microsoft.Extensions.Logging.xml 进度: 9/72
2026-06-28 17:45:16.291 +08:00 [INF] lib/net10.0/Microsoft.Extensions.Logging.xml 进度: 10/72
2026-06-28 17:45:16.292 +08:00 [INF] lib/net10.0/Microsoft.Extensions.Logging.xml 进度: 11/72
2026-06-28 17:45:16.292 +08:00 [INF] lib/net10.0/Microsoft.Extensions.Logging.xml 进度: 12/72
2026-06-28 17:45:16.293 +08:00 [INF] lib/net10.0/Microsoft.Extensions.Logging.xml 进度: 13/72
2026-06-28 17:45:16.295 +08:00 [DBG] 缓存缺失: M:Microsoft.Extensions.Logging.FilterLoggingBuilderExtensions.AddFilter``1(Microsoft.Extensions.Logging.ILoggingBuilder,System.Func{Microsoft.Extensions.Logging.LogLevel,System.Boolean})
2026-06-28 17:45:16.297 +08:00 [INF] lib/net10.0/Microsoft.Extensions.Logging.xml 进度: 14/72
2026-06-28 17:45:16.299 +08:00 [INF] lib/net10.0/Microsoft.Extensions.Logging.xml 进度: 15/72
2026-06-28 17:45:16.299 +08:00 [INF] lib/net10.0/Microsoft.Extensions.Logging.xml 进度: 16/72
2026-06-28 17:45:16.300 +08:00 [INF] lib/net10.0/Microsoft.Extensions.Logging.xml 进度: 17/72
2026-06-28 17:45:16.300 +08:00 [INF] lib/net10.0/Microsoft.Extensions.Logging.xml 进度: 18/72
2026-06-28 17:45:16.300 +08:00 [INF] lib/net10.0/Microsoft.Extensions.Logging.xml 进度: 19/72
2026-06-28 17:45:16.301 +08:00 [INF] lib/net10.0/Microsoft.Extensions.Logging.xml 进度: 20/72
2026-06-28 17:45:16.301 +08:00 [INF] lib/net10.0/Microsoft.Extensions.Logging.xml 进度: 21/72
2026-06-28 17:45:16.301 +08:00 [INF] lib/net10.0/Microsoft.Extensions.Logging.xml 进度: 22/72
2026-06-28 17:45:16.302 +08:00 [INF] lib/net10.0/Microsoft.Extensions.Logging.xml 进度: 23/72
2026-06-28 17:45:16.302 +08:00 [DBG] 缓存缺失: M:Microsoft.Extensions.Logging.FilterLoggingBuilderExtensions.AddFilter``1(Microsoft.Extensions.Logging.LoggerFilterOptions,System.String,Microsoft.Extensions.Logging.LogLevel)
2026-06-28 17:45:16.303 +08:00 [INF] lib/net10.0/Microsoft.Extensions.Logging.xml 进度: 24/72
2026-06-28 17:45:16.303 +08:00 [INF] lib/net10.0/Microsoft.Extensions.Logging.xml 进度: 25/72
2026-06-28 17:45:16.303 +08:00 [INF] lib/net10.0/Microsoft.Extensions.Logging.xml 进度: 26/72
2026-06-28 17:45:16.303 +08:00 [INF] lib/net10.0/Microsoft.Extensions.Logging.xml 进度: 27/72
2026-06-28 17:45:16.304 +08:00 [INF] lib/net10.0/Microsoft.Extensions.Logging.xml 进度: 28/72
2026-06-28 17:45:16.304 +08:00 [INF] lib/net10.0/Microsoft.Extensions.Logging.xml 进度: 29/72
2026-06-28 17:45:16.305 +08:00 [INF] lib/net10.0/Microsoft.Extensions.Logging.xml 进度: 30/72
2026-06-28 17:45:16.305 +08:00 [INF] lib/net10.0/Microsoft.Extensions.Logging.xml 进度: 31/72
2026-06-28 17:45:16.305 +08:00 [INF] lib/net10.0/Microsoft.Extensions.Logging.xml 进度: 32/72
2026-06-28 17:45:16.306 +08:00 [INF] lib/net10.0/Microsoft.Extensions.Logging.xml 进度: 33/72
2026-06-28 17:45:16.306 +08:00 [INF] lib/net10.0/Microsoft.Extensions.Logging.xml 进度: 34/72
2026-06-28 17:45:16.306 +08:00 [INF] lib/net10.0/Microsoft.Extensions.Logging.xml 进度: 35/72
2026-06-28 17:45:16.307 +08:00 [INF] lib/net10.0/Microsoft.Extensions.Logging.xml 进度: 36/72
2026-06-28 17:45:16.307 +08:00 [INF] lib/net10.0/Microsoft.Extensions.Logging.xml 进度: 37/72
2026-06-28 17:45:16.307 +08:00 [INF] lib/net10.0/Microsoft.Extensions.Logging.xml 进度: 38/72
2026-06-28 17:45:16.307 +08:00 [INF] lib/net10.0/Microsoft.Extensions.Logging.xml 进度: 39/72
2026-06-28 17:45:16.308 +08:00 [INF] lib/net10.0/Microsoft.Extensions.Logging.xml 进度: 40/72
2026-06-28 17:45:16.308 +08:00 [INF] lib/net10.0/Microsoft.Extensions.Logging.xml 进度: 41/72
2026-06-28 17:45:16.308 +08:00 [INF] lib/net10.0/Microsoft.Extensions.Logging.xml 进度: 42/72
2026-06-28 17:45:16.309 +08:00 [INF] lib/net10.0/Microsoft.Extensions.Logging.xml 进度: 43/72
2026-06-28 17:45:16.309 +08:00 [INF] lib/net10.0/Microsoft.Extensions.Logging.xml 进度: 44/72
2026-06-28 17:45:16.310 +08:00 [INF] lib/net10.0/Microsoft.Extensions.Logging.xml 进度: 45/72
2026-06-28 17:45:16.312 +08:00 [INF] lib/net10.0/Microsoft.Extensions.Logging.xml 进度: 46/72
2026-06-28 17:45:16.313 +08:00 [INF] lib/net10.0/Microsoft.Extensions.Logging.xml 进度: 47/72
2026-06-28 17:45:16.313 +08:00 [DBG] 缓存缺失: M:Microsoft.Extensions.Logging.LoggerFilterRule.#ctor(System.String,System.String,System.Nullable{Microsoft.Extensions.Logging.LogLevel},System.Func{System.String,System.String,Microsoft.Extensions.Logging.LogLevel,System.Boolean})
2026-06-28 17:45:16.314 +08:00 [INF] lib/net10.0/Microsoft.Extensions.Logging.xml 进度: 48/72
2026-06-28 17:45:16.314 +08:00 [INF] lib/net10.0/Microsoft.Extensions.Logging.xml 进度: 49/72
2026-06-28 17:45:16.315 +08:00 [INF] lib/net10.0/Microsoft.Extensions.Logging.xml 进度: 50/72
2026-06-28 17:45:16.315 +08:00 [INF] lib/net10.0/Microsoft.Extensions.Logging.xml 进度: 51/72
2026-06-28 17:45:16.315 +08:00 [INF] lib/net10.0/Microsoft.Extensions.Logging.xml 进度: 52/72
2026-06-28 17:45:16.316 +08:00 [INF] lib/net10.0/Microsoft.Extensions.Logging.xml 进度: 53/72
2026-06-28 17:45:16.316 +08:00 [INF] lib/net10.0/Microsoft.Extensions.Logging.xml 进度: 54/72
2026-06-28 17:45:16.316 +08:00 [INF] lib/net10.0/Microsoft.Extensions.Logging.xml 进度: 55/72
2026-06-28 17:45:16.317 +08:00 [INF] lib/net10.0/Microsoft.Extensions.Logging.xml 进度: 56/72
2026-06-28 17:45:16.317 +08:00 [INF] lib/net10.0/Microsoft.Extensions.Logging.xml 进度: 57/72
2026-06-28 17:45:16.317 +08:00 [INF] lib/net10.0/Microsoft.Extensions.Logging.xml 进度: 58/72
2026-06-28 17:45:16.317 +08:00 [INF] lib/net10.0/Microsoft.Extensions.Logging.xml 进度: 59/72
2026-06-28 17:45:16.318 +08:00 [INF] lib/net10.0/Microsoft.Extensions.Logging.xml 进度: 60/72
2026-06-28 17:45:16.318 +08:00 [INF] lib/net10.0/Microsoft.Extensions.Logging.xml 进度: 61/72
2026-06-28 17:45:16.318 +08:00 [INF] lib/net10.0/Microsoft.Extensions.Logging.xml 进度: 62/72
2026-06-28 17:45:16.319 +08:00 [INF] lib/net10.0/Microsoft.Extensions.Logging.xml 进度: 63/72
2026-06-28 17:45:16.319 +08:00 [INF] lib/net10.0/Microsoft.Extensions.Logging.xml 进度: 64/72
2026-06-28 17:45:16.319 +08:00 [INF] lib/net10.0/Microsoft.Extensions.Logging.xml 进度: 65/72
2026-06-28 17:45:16.320 +08:00 [INF] lib/net10.0/Microsoft.Extensions.Logging.xml 进度: 66/72
2026-06-28 17:45:16.320 +08:00 [INF] lib/net10.0/Microsoft.Extensions.Logging.xml 进度: 67/72
2026-06-28 17:45:16.320 +08:00 [INF] lib/net10.0/Microsoft.Extensions.Logging.xml 进度: 68/72
2026-06-28 17:45:22.754 +08:00 [INF] lib/net10.0/Microsoft.Extensions.Logging.xml 进度: 69/72
2026-06-28 17:45:23.863 +08:00 [INF] lib/net10.0/Microsoft.Extensions.Logging.xml 进度: 70/72
2026-06-28 17:45:28.763 +08:00 [INF] lib/net10.0/Microsoft.Extensions.Logging.xml 进度: 71/72
2026-06-28 17:45:35.316 +08:00 [INF] lib/net10.0/Microsoft.Extensions.Logging.xml 进度: 72/72
2026-06-28 17:45:35.316 +08:00 [INF] 文件完成，本文件翻译 4 条，累计输入 1298 tokens，输出 4479 tokens，估算费用 0.01 元
2026-06-28 17:45:35.320 +08:00 [INF] 完成文件: C:\Users\16229\source\OpenSourceLibrary\NugetTranslation\packages\microsoft.extensions.logging\10.0.9\lib\net10.0\zh-Hans\Microsoft.Extensions.Logging.xml
2026-06-28 17:45:35.322 +08:00 [INF] lib/net462/Microsoft.Extensions.Logging.xml 进度: 1/110
2026-06-28 17:45:35.323 +08:00 [INF] lib/net462/Microsoft.Extensions.Logging.xml 进度: 2/110
2026-06-28 17:45:35.323 +08:00 [INF] lib/net462/Microsoft.Extensions.Logging.xml 进度: 3/110
2026-06-28 17:45:35.323 +08:00 [INF] lib/net462/Microsoft.Extensions.Logging.xml 进度: 4/110
2026-06-28 17:45:35.323 +08:00 [INF] lib/net462/Microsoft.Extensions.Logging.xml 进度: 5/110
2026-06-28 17:45:35.323 +08:00 [INF] lib/net462/Microsoft.Extensions.Logging.xml 进度: 6/110
2026-06-28 17:45:35.323 +08:00 [INF] lib/net462/Microsoft.Extensions.Logging.xml 进度: 7/110
2026-06-28 17:45:35.323 +08:00 [INF] lib/net462/Microsoft.Extensions.Logging.xml 进度: 8/110
2026-06-28 17:45:35.324 +08:00 [INF] lib/net462/Microsoft.Extensions.Logging.xml 进度: 9/110
2026-06-28 17:45:35.324 +08:00 [INF] lib/net462/Microsoft.Extensions.Logging.xml 进度: 10/110
2026-06-28 17:45:35.324 +08:00 [INF] lib/net462/Microsoft.Extensions.Logging.xml 进度: 11/110
2026-06-28 17:45:35.324 +08:00 [INF] lib/net462/Microsoft.Extensions.Logging.xml 进度: 12/110
2026-06-28 17:45:35.324 +08:00 [INF] lib/net462/Microsoft.Extensions.Logging.xml 进度: 13/110
2026-06-28 17:45:35.324 +08:00 [INF] lib/net462/Microsoft.Extensions.Logging.xml 进度: 14/110
2026-06-28 17:45:35.324 +08:00 [INF] lib/net462/Microsoft.Extensions.Logging.xml 进度: 15/110
2026-06-28 17:45:35.324 +08:00 [INF] lib/net462/Microsoft.Extensions.Logging.xml 进度: 16/110
2026-06-28 17:45:35.325 +08:00 [INF] lib/net462/Microsoft.Extensions.Logging.xml 进度: 17/110
2026-06-28 17:45:35.325 +08:00 [INF] lib/net462/Microsoft.Extensions.Logging.xml 进度: 18/110
2026-06-28 17:45:35.325 +08:00 [INF] lib/net462/Microsoft.Extensions.Logging.xml 进度: 19/110
2026-06-28 17:45:35.325 +08:00 [INF] lib/net462/Microsoft.Extensions.Logging.xml 进度: 20/110
2026-06-28 17:45:35.329 +08:00 [INF] lib/net462/Microsoft.Extensions.Logging.xml 进度: 21/110
2026-06-28 17:45:35.330 +08:00 [INF] lib/net462/Microsoft.Extensions.Logging.xml 进度: 22/110
2026-06-28 17:45:35.330 +08:00 [INF] lib/net462/Microsoft.Extensions.Logging.xml 进度: 23/110
2026-06-28 17:45:35.330 +08:00 [INF] lib/net462/Microsoft.Extensions.Logging.xml 进度: 24/110
2026-06-28 17:45:35.330 +08:00 [INF] lib/net462/Microsoft.Extensions.Logging.xml 进度: 25/110
2026-06-28 17:45:35.330 +08:00 [INF] lib/net462/Microsoft.Extensions.Logging.xml 进度: 26/110
2026-06-28 17:45:35.330 +08:00 [INF] lib/net462/Microsoft.Extensions.Logging.xml 进度: 27/110
2026-06-28 17:45:35.330 +08:00 [INF] lib/net462/Microsoft.Extensions.Logging.xml 进度: 28/110
2026-06-28 17:45:35.330 +08:00 [INF] lib/net462/Microsoft.Extensions.Logging.xml 进度: 29/110
2026-06-28 17:45:35.330 +08:00 [INF] lib/net462/Microsoft.Extensions.Logging.xml 进度: 30/110
2026-06-28 17:45:35.331 +08:00 [INF] lib/net462/Microsoft.Extensions.Logging.xml 进度: 31/110
2026-06-28 17:45:35.331 +08:00 [INF] lib/net462/Microsoft.Extensions.Logging.xml 进度: 32/110
2026-06-28 17:45:35.331 +08:00 [INF] lib/net462/Microsoft.Extensions.Logging.xml 进度: 33/110
2026-06-28 17:45:35.331 +08:00 [INF] lib/net462/Microsoft.Extensions.Logging.xml 进度: 34/110
2026-06-28 17:45:35.331 +08:00 [INF] lib/net462/Microsoft.Extensions.Logging.xml 进度: 35/110
2026-06-28 17:45:35.331 +08:00 [INF] lib/net462/Microsoft.Extensions.Logging.xml 进度: 36/110
2026-06-28 17:45:35.331 +08:00 [INF] lib/net462/Microsoft.Extensions.Logging.xml 进度: 37/110
2026-06-28 17:45:35.331 +08:00 [INF] lib/net462/Microsoft.Extensions.Logging.xml 进度: 38/110
2026-06-28 17:45:35.331 +08:00 [INF] lib/net462/Microsoft.Extensions.Logging.xml 进度: 39/110
2026-06-28 17:45:35.331 +08:00 [INF] lib/net462/Microsoft.Extensions.Logging.xml 进度: 40/110
2026-06-28 17:45:35.331 +08:00 [INF] lib/net462/Microsoft.Extensions.Logging.xml 进度: 41/110
2026-06-28 17:45:35.331 +08:00 [INF] lib/net462/Microsoft.Extensions.Logging.xml 进度: 42/110
2026-06-28 17:45:35.331 +08:00 [INF] lib/net462/Microsoft.Extensions.Logging.xml 进度: 43/110
2026-06-28 17:45:35.332 +08:00 [INF] lib/net462/Microsoft.Extensions.Logging.xml 进度: 44/110
2026-06-28 17:45:35.332 +08:00 [INF] lib/net462/Microsoft.Extensions.Logging.xml 进度: 45/110
2026-06-28 17:45:35.332 +08:00 [INF] lib/net462/Microsoft.Extensions.Logging.xml 进度: 46/110
2026-06-28 17:45:35.332 +08:00 [INF] lib/net462/Microsoft.Extensions.Logging.xml 进度: 47/110
2026-06-28 17:45:35.332 +08:00 [INF] lib/net462/Microsoft.Extensions.Logging.xml 进度: 48/110
2026-06-28 17:45:35.332 +08:00 [INF] lib/net462/Microsoft.Extensions.Logging.xml 进度: 49/110
2026-06-28 17:45:35.332 +08:00 [INF] lib/net462/Microsoft.Extensions.Logging.xml 进度: 50/110
2026-06-28 17:45:35.332 +08:00 [INF] lib/net462/Microsoft.Extensions.Logging.xml 进度: 51/110
2026-06-28 17:45:35.332 +08:00 [INF] lib/net462/Microsoft.Extensions.Logging.xml 进度: 52/110
2026-06-28 17:45:35.332 +08:00 [INF] lib/net462/Microsoft.Extensions.Logging.xml 进度: 53/110
2026-06-28 17:45:35.332 +08:00 [INF] lib/net462/Microsoft.Extensions.Logging.xml 进度: 54/110
2026-06-28 17:45:35.332 +08:00 [INF] lib/net462/Microsoft.Extensions.Logging.xml 进度: 55/110
2026-06-28 17:45:35.333 +08:00 [INF] lib/net462/Microsoft.Extensions.Logging.xml 进度: 56/110
2026-06-28 17:45:35.333 +08:00 [INF] lib/net462/Microsoft.Extensions.Logging.xml 进度: 57/110
2026-06-28 17:45:35.333 +08:00 [INF] lib/net462/Microsoft.Extensions.Logging.xml 进度: 58/110
2026-06-28 17:45:35.333 +08:00 [INF] lib/net462/Microsoft.Extensions.Logging.xml 进度: 59/110
2026-06-28 17:45:35.333 +08:00 [INF] lib/net462/Microsoft.Extensions.Logging.xml 进度: 60/110
2026-06-28 17:45:35.333 +08:00 [INF] lib/net462/Microsoft.Extensions.Logging.xml 进度: 61/110
2026-06-28 17:45:35.333 +08:00 [INF] lib/net462/Microsoft.Extensions.Logging.xml 进度: 62/110
2026-06-28 17:45:35.333 +08:00 [INF] lib/net462/Microsoft.Extensions.Logging.xml 进度: 63/110
2026-06-28 17:45:35.333 +08:00 [INF] lib/net462/Microsoft.Extensions.Logging.xml 进度: 64/110
2026-06-28 17:45:35.333 +08:00 [INF] lib/net462/Microsoft.Extensions.Logging.xml 进度: 65/110
2026-06-28 17:45:35.333 +08:00 [INF] lib/net462/Microsoft.Extensions.Logging.xml 进度: 66/110
2026-06-28 17:45:35.333 +08:00 [INF] lib/net462/Microsoft.Extensions.Logging.xml 进度: 67/110
2026-06-28 17:45:35.333 +08:00 [INF] lib/net462/Microsoft.Extensions.Logging.xml 进度: 68/110
2026-06-28 17:45:35.333 +08:00 [INF] lib/net462/Microsoft.Extensions.Logging.xml 进度: 69/110
2026-06-28 17:45:35.334 +08:00 [INF] lib/net462/Microsoft.Extensions.Logging.xml 进度: 70/110
2026-06-28 17:45:35.334 +08:00 [INF] lib/net462/Microsoft.Extensions.Logging.xml 进度: 71/110
2026-06-28 17:45:35.334 +08:00 [INF] lib/net462/Microsoft.Extensions.Logging.xml 进度: 72/110
2026-06-28 17:45:35.334 +08:00 [DBG] 缓存缺失: T:System.Runtime.InteropServices.LibraryImportAttribute
2026-06-28 17:45:35.335 +08:00 [DBG] 缓存缺失: M:System.Runtime.InteropServices.LibraryImportAttribute.#ctor(System.String)
2026-06-28 17:45:35.335 +08:00 [DBG] 缓存缺失: P:System.Runtime.InteropServices.LibraryImportAttribute.LibraryName
2026-06-28 17:45:35.336 +08:00 [DBG] 缓存缺失: P:System.Runtime.InteropServices.LibraryImportAttribute.EntryPoint
2026-06-28 17:45:35.336 +08:00 [DBG] 缓存缺失: P:System.Runtime.InteropServices.LibraryImportAttribute.StringMarshalling
2026-06-28 17:45:35.337 +08:00 [DBG] 缓存缺失: P:System.Runtime.InteropServices.LibraryImportAttribute.StringMarshallingCustomType
2026-06-28 17:45:35.337 +08:00 [DBG] 缓存缺失: P:System.Runtime.InteropServices.LibraryImportAttribute.SetLastError
2026-06-28 17:45:35.338 +08:00 [DBG] 缓存缺失: T:System.Runtime.InteropServices.StringMarshalling
2026-06-28 17:45:35.338 +08:00 [DBG] 缓存缺失: F:System.Runtime.InteropServices.StringMarshalling.Custom
2026-06-28 17:45:35.339 +08:00 [DBG] 缓存缺失: F:System.Runtime.InteropServices.StringMarshalling.Utf8
2026-06-28 17:45:35.339 +08:00 [DBG] 缓存缺失: F:System.Runtime.InteropServices.StringMarshalling.Utf16
2026-06-28 17:45:35.340 +08:00 [DBG] 缓存缺失: T:System.Diagnostics.CodeAnalysis.AllowNullAttribute
2026-06-28 17:45:35.340 +08:00 [DBG] 缓存缺失: T:System.Diagnostics.CodeAnalysis.DisallowNullAttribute
2026-06-28 17:45:35.341 +08:00 [DBG] 缓存缺失: T:System.Diagnostics.CodeAnalysis.MaybeNullAttribute
2026-06-28 17:45:35.342 +08:00 [DBG] 缓存缺失: T:System.Diagnostics.CodeAnalysis.NotNullAttribute
2026-06-28 17:45:35.343 +08:00 [DBG] 缓存缺失: T:System.Diagnostics.CodeAnalysis.MaybeNullWhenAttribute
2026-06-28 17:45:35.346 +08:00 [DBG] 缓存缺失: M:System.Diagnostics.CodeAnalysis.MaybeNullWhenAttribute.#ctor(System.Boolean)
2026-06-28 17:45:35.347 +08:00 [DBG] 缓存缺失: P:System.Diagnostics.CodeAnalysis.MaybeNullWhenAttribute.ReturnValue
2026-06-28 17:45:35.348 +08:00 [DBG] 缓存缺失: T:System.Diagnostics.CodeAnalysis.NotNullWhenAttribute
2026-06-28 17:45:35.348 +08:00 [DBG] 缓存缺失: M:System.Diagnostics.CodeAnalysis.NotNullWhenAttribute.#ctor(System.Boolean)
2026-06-28 17:45:35.349 +08:00 [DBG] 缓存缺失: P:System.Diagnostics.CodeAnalysis.NotNullWhenAttribute.ReturnValue
2026-06-28 17:45:35.349 +08:00 [DBG] 缓存缺失: T:System.Diagnostics.CodeAnalysis.NotNullIfNotNullAttribute
2026-06-28 17:45:35.350 +08:00 [DBG] 缓存缺失: M:System.Diagnostics.CodeAnalysis.NotNullIfNotNullAttribute.#ctor(System.String)
2026-06-28 17:45:35.351 +08:00 [DBG] 缓存缺失: P:System.Diagnostics.CodeAnalysis.NotNullIfNotNullAttribute.ParameterName
2026-06-28 17:45:35.351 +08:00 [DBG] 缓存缺失: T:System.Diagnostics.CodeAnalysis.DoesNotReturnAttribute
2026-06-28 17:45:35.352 +08:00 [DBG] 缓存缺失: T:System.Diagnostics.CodeAnalysis.DoesNotReturnIfAttribute
2026-06-28 17:45:35.353 +08:00 [DBG] 缓存缺失: M:System.Diagnostics.CodeAnalysis.DoesNotReturnIfAttribute.#ctor(System.Boolean)
2026-06-28 17:45:35.353 +08:00 [DBG] 缓存缺失: P:System.Diagnostics.CodeAnalysis.DoesNotReturnIfAttribute.ParameterValue
2026-06-28 17:45:35.354 +08:00 [DBG] 缓存缺失: T:System.Diagnostics.CodeAnalysis.MemberNotNullAttribute
2026-06-28 17:45:35.355 +08:00 [DBG] 缓存缺失: M:System.Diagnostics.CodeAnalysis.MemberNotNullAttribute.#ctor(System.String)
2026-06-28 17:45:35.355 +08:00 [DBG] 缓存缺失: M:System.Diagnostics.CodeAnalysis.MemberNotNullAttribute.#ctor(System.String[])
2026-06-28 17:45:35.356 +08:00 [DBG] 缓存缺失: P:System.Diagnostics.CodeAnalysis.MemberNotNullAttribute.Members
2026-06-28 17:45:35.357 +08:00 [DBG] 缓存缺失: T:System.Diagnostics.CodeAnalysis.MemberNotNullWhenAttribute
2026-06-28 17:45:35.359 +08:00 [DBG] 缓存缺失: M:System.Diagnostics.CodeAnalysis.MemberNotNullWhenAttribute.#ctor(System.Boolean,System.String)
2026-06-28 17:45:35.359 +08:00 [DBG] 缓存缺失: M:System.Diagnostics.CodeAnalysis.MemberNotNullWhenAttribute.#ctor(System.Boolean,System.String[])
2026-06-28 17:45:35.360 +08:00 [DBG] 缓存缺失: P:System.Diagnostics.CodeAnalysis.MemberNotNullWhenAttribute.ReturnValue
2026-06-28 17:45:35.363 +08:00 [DBG] 缓存缺失: P:System.Diagnostics.CodeAnalysis.MemberNotNullWhenAttribute.Members
2026-06-28 17:45:35.364 +08:00 [DBG] 缓存缺失: T:System.ExceptionPolyfills
2026-06-28 17:45:40.541 +08:00 [INF] lib/net462/Microsoft.Extensions.Logging.xml 进度: 73/110
2026-06-28 17:45:40.691 +08:00 [INF] lib/net462/Microsoft.Extensions.Logging.xml 进度: 74/110
2026-06-28 17:45:40.953 +08:00 [INF] lib/net462/Microsoft.Extensions.Logging.xml 进度: 75/110
2026-06-28 17:45:41.152 +08:00 [INF] lib/net462/Microsoft.Extensions.Logging.xml 进度: 76/110
2026-06-28 17:45:41.464 +08:00 [INF] lib/net462/Microsoft.Extensions.Logging.xml 进度: 77/110
2026-06-28 17:45:41.517 +08:00 [INF] lib/net462/Microsoft.Extensions.Logging.xml 进度: 78/110
2026-06-28 17:45:41.604 +08:00 [INF] lib/net462/Microsoft.Extensions.Logging.xml 进度: 79/110
2026-06-28 17:45:41.767 +08:00 [INF] lib/net462/Microsoft.Extensions.Logging.xml 进度: 80/110
2026-06-28 17:45:42.080 +08:00 [INF] lib/net462/Microsoft.Extensions.Logging.xml 进度: 81/110
2026-06-28 17:45:42.282 +08:00 [INF] lib/net462/Microsoft.Extensions.Logging.xml 进度: 82/110
2026-06-28 17:45:42.320 +08:00 [INF] lib/net462/Microsoft.Extensions.Logging.xml 进度: 83/110
2026-06-28 17:45:42.483 +08:00 [INF] lib/net462/Microsoft.Extensions.Logging.xml 进度: 84/110
2026-06-28 17:45:42.590 +08:00 [INF] lib/net462/Microsoft.Extensions.Logging.xml 进度: 85/110
2026-06-28 17:45:42.592 +08:00 [INF] lib/net462/Microsoft.Extensions.Logging.xml 进度: 86/110
2026-06-28 17:45:43.121 +08:00 [INF] lib/net462/Microsoft.Extensions.Logging.xml 进度: 87/110
2026-06-28 17:45:44.228 +08:00 [INF] lib/net462/Microsoft.Extensions.Logging.xml 进度: 88/110
2026-06-28 17:45:44.326 +08:00 [INF] lib/net462/Microsoft.Extensions.Logging.xml 进度: 89/110
2026-06-28 17:45:44.536 +08:00 [INF] lib/net462/Microsoft.Extensions.Logging.xml 进度: 90/110
2026-06-28 17:45:44.633 +08:00 [INF] lib/net462/Microsoft.Extensions.Logging.xml 进度: 91/110
2026-06-28 17:45:44.666 +08:00 [INF] lib/net462/Microsoft.Extensions.Logging.xml 进度: 92/110
2026-06-28 17:45:45.047 +08:00 [INF] lib/net462/Microsoft.Extensions.Logging.xml 进度: 93/110
2026-06-28 17:45:45.797 +08:00 [INF] lib/net462/Microsoft.Extensions.Logging.xml 进度: 94/110
2026-06-28 17:45:46.376 +08:00 [INF] lib/net462/Microsoft.Extensions.Logging.xml 进度: 95/110
2026-06-28 17:45:46.384 +08:00 [INF] lib/net462/Microsoft.Extensions.Logging.xml 进度: 96/110
2026-06-28 17:45:46.798 +08:00 [INF] lib/net462/Microsoft.Extensions.Logging.xml 进度: 97/110
2026-06-28 17:45:48.627 +08:00 [INF] lib/net462/Microsoft.Extensions.Logging.xml 进度: 98/110
2026-06-28 17:45:49.139 +08:00 [INF] lib/net462/Microsoft.Extensions.Logging.xml 进度: 99/110
2026-06-28 17:45:50.374 +08:00 [INF] lib/net462/Microsoft.Extensions.Logging.xml 进度: 100/110
2026-06-28 17:45:52.520 +08:00 [INF] lib/net462/Microsoft.Extensions.Logging.xml 进度: 101/110
2026-06-28 17:45:54.264 +08:00 [INF] lib/net462/Microsoft.Extensions.Logging.xml 进度: 102/110
2026-06-28 17:45:55.386 +08:00 [INF] lib/net462/Microsoft.Extensions.Logging.xml 进度: 103/110
2026-06-28 17:45:56.410 +08:00 [INF] lib/net462/Microsoft.Extensions.Logging.xml 进度: 104/110
2026-06-28 17:46:00.920 +08:00 [INF] lib/net462/Microsoft.Extensions.Logging.xml 进度: 105/110
2026-06-28 17:46:04.090 +08:00 [INF] lib/net462/Microsoft.Extensions.Logging.xml 进度: 106/110
2026-06-28 17:46:04.705 +08:00 [INF] lib/net462/Microsoft.Extensions.Logging.xml 进度: 107/110
2026-06-28 17:46:08.902 +08:00 [INF] lib/net462/Microsoft.Extensions.Logging.xml 进度: 108/110
2026-06-28 17:46:10.131 +08:00 [INF] lib/net462/Microsoft.Extensions.Logging.xml 进度: 109/110
2026-06-28 17:46:34.917 +08:00 [INF] lib/net462/Microsoft.Extensions.Logging.xml 进度: 110/110
2026-06-28 17:46:34.917 +08:00 [INF] 文件完成，本文件翻译 38 条，累计输入 8441 tokens，输出 44931 tokens，估算费用 0.10 元
2026-06-28 17:46:34.919 +08:00 [INF] 完成文件: C:\Users\16229\source\OpenSourceLibrary\NugetTranslation\packages\microsoft.extensions.logging\10.0.9\lib\net462\zh-Hans\Microsoft.Extensions.Logging.xml
2026-06-28 17:46:34.921 +08:00 [INF] lib/net8.0/Microsoft.Extensions.Logging.xml 进度: 1/72
2026-06-28 17:46:34.921 +08:00 [INF] lib/net8.0/Microsoft.Extensions.Logging.xml 进度: 2/72
2026-06-28 17:46:34.921 +08:00 [INF] lib/net8.0/Microsoft.Extensions.Logging.xml 进度: 3/72
2026-06-28 17:46:34.921 +08:00 [INF] lib/net8.0/Microsoft.Extensions.Logging.xml 进度: 4/72
2026-06-28 17:46:34.921 +08:00 [INF] lib/net8.0/Microsoft.Extensions.Logging.xml 进度: 5/72
2026-06-28 17:46:34.921 +08:00 [INF] lib/net8.0/Microsoft.Extensions.Logging.xml 进度: 6/72
2026-06-28 17:46:34.922 +08:00 [INF] lib/net8.0/Microsoft.Extensions.Logging.xml 进度: 7/72
2026-06-28 17:46:34.922 +08:00 [INF] lib/net8.0/Microsoft.Extensions.Logging.xml 进度: 8/72
2026-06-28 17:46:34.922 +08:00 [INF] lib/net8.0/Microsoft.Extensions.Logging.xml 进度: 9/72
2026-06-28 17:46:34.922 +08:00 [INF] lib/net8.0/Microsoft.Extensions.Logging.xml 进度: 10/72
2026-06-28 17:46:34.922 +08:00 [INF] lib/net8.0/Microsoft.Extensions.Logging.xml 进度: 11/72
2026-06-28 17:46:34.922 +08:00 [INF] lib/net8.0/Microsoft.Extensions.Logging.xml 进度: 12/72
2026-06-28 17:46:34.922 +08:00 [INF] lib/net8.0/Microsoft.Extensions.Logging.xml 进度: 13/72
2026-06-28 17:46:34.923 +08:00 [INF] lib/net8.0/Microsoft.Extensions.Logging.xml 进度: 14/72
2026-06-28 17:46:34.923 +08:00 [INF] lib/net8.0/Microsoft.Extensions.Logging.xml 进度: 15/72
2026-06-28 17:46:34.923 +08:00 [INF] lib/net8.0/Microsoft.Extensions.Logging.xml 进度: 16/72
2026-06-28 17:46:34.923 +08:00 [INF] lib/net8.0/Microsoft.Extensions.Logging.xml 进度: 17/72
2026-06-28 17:46:34.923 +08:00 [INF] lib/net8.0/Microsoft.Extensions.Logging.xml 进度: 18/72
2026-06-28 17:46:34.925 +08:00 [INF] lib/net8.0/Microsoft.Extensions.Logging.xml 进度: 19/72
2026-06-28 17:46:34.925 +08:00 [INF] lib/net8.0/Microsoft.Extensions.Logging.xml 进度: 20/72
2026-06-28 17:46:34.925 +08:00 [INF] lib/net8.0/Microsoft.Extensions.Logging.xml 进度: 21/72
2026-06-28 17:46:34.925 +08:00 [INF] lib/net8.0/Microsoft.Extensions.Logging.xml 进度: 22/72
2026-06-28 17:46:34.926 +08:00 [INF] lib/net8.0/Microsoft.Extensions.Logging.xml 进度: 23/72
2026-06-28 17:46:34.926 +08:00 [INF] lib/net8.0/Microsoft.Extensions.Logging.xml 进度: 24/72
2026-06-28 17:46:34.926 +08:00 [INF] lib/net8.0/Microsoft.Extensions.Logging.xml 进度: 25/72
2026-06-28 17:46:34.926 +08:00 [INF] lib/net8.0/Microsoft.Extensions.Logging.xml 进度: 26/72
2026-06-28 17:46:34.926 +08:00 [INF] lib/net8.0/Microsoft.Extensions.Logging.xml 进度: 27/72
2026-06-28 17:46:34.926 +08:00 [INF] lib/net8.0/Microsoft.Extensions.Logging.xml 进度: 28/72
2026-06-28 17:46:34.927 +08:00 [INF] lib/net8.0/Microsoft.Extensions.Logging.xml 进度: 29/72
2026-06-28 17:46:34.927 +08:00 [INF] lib/net8.0/Microsoft.Extensions.Logging.xml 进度: 30/72
2026-06-28 17:46:34.927 +08:00 [INF] lib/net8.0/Microsoft.Extensions.Logging.xml 进度: 31/72
2026-06-28 17:46:34.927 +08:00 [INF] lib/net8.0/Microsoft.Extensions.Logging.xml 进度: 32/72
2026-06-28 17:46:34.927 +08:00 [INF] lib/net8.0/Microsoft.Extensions.Logging.xml 进度: 33/72
2026-06-28 17:46:34.927 +08:00 [INF] lib/net8.0/Microsoft.Extensions.Logging.xml 进度: 34/72
2026-06-28 17:46:34.927 +08:00 [INF] lib/net8.0/Microsoft.Extensions.Logging.xml 进度: 35/72
2026-06-28 17:46:34.928 +08:00 [INF] lib/net8.0/Microsoft.Extensions.Logging.xml 进度: 36/72
2026-06-28 17:46:34.928 +08:00 [INF] lib/net8.0/Microsoft.Extensions.Logging.xml 进度: 37/72
2026-06-28 17:46:34.928 +08:00 [INF] lib/net8.0/Microsoft.Extensions.Logging.xml 进度: 38/72
2026-06-28 17:46:34.928 +08:00 [INF] lib/net8.0/Microsoft.Extensions.Logging.xml 进度: 39/72
2026-06-28 17:46:34.928 +08:00 [INF] lib/net8.0/Microsoft.Extensions.Logging.xml 进度: 40/72
2026-06-28 17:46:34.928 +08:00 [INF] lib/net8.0/Microsoft.Extensions.Logging.xml 进度: 41/72
2026-06-28 17:46:34.928 +08:00 [INF] lib/net8.0/Microsoft.Extensions.Logging.xml 进度: 42/72
2026-06-28 17:46:34.928 +08:00 [INF] lib/net8.0/Microsoft.Extensions.Logging.xml 进度: 43/72
2026-06-28 17:46:34.929 +08:00 [INF] lib/net8.0/Microsoft.Extensions.Logging.xml 进度: 44/72
2026-06-28 17:46:34.929 +08:00 [INF] lib/net8.0/Microsoft.Extensions.Logging.xml 进度: 45/72
2026-06-28 17:46:34.929 +08:00 [INF] lib/net8.0/Microsoft.Extensions.Logging.xml 进度: 46/72
2026-06-28 17:46:34.929 +08:00 [INF] lib/net8.0/Microsoft.Extensions.Logging.xml 进度: 47/72
2026-06-28 17:46:34.929 +08:00 [INF] lib/net8.0/Microsoft.Extensions.Logging.xml 进度: 48/72
2026-06-28 17:46:34.929 +08:00 [INF] lib/net8.0/Microsoft.Extensions.Logging.xml 进度: 49/72
2026-06-28 17:46:34.932 +08:00 [INF] lib/net8.0/Microsoft.Extensions.Logging.xml 进度: 50/72
2026-06-28 17:46:34.933 +08:00 [INF] lib/net8.0/Microsoft.Extensions.Logging.xml 进度: 51/72
2026-06-28 17:46:34.933 +08:00 [INF] lib/net8.0/Microsoft.Extensions.Logging.xml 进度: 52/72
2026-06-28 17:46:34.933 +08:00 [INF] lib/net8.0/Microsoft.Extensions.Logging.xml 进度: 53/72
2026-06-28 17:46:34.933 +08:00 [INF] lib/net8.0/Microsoft.Extensions.Logging.xml 进度: 54/72
2026-06-28 17:46:34.933 +08:00 [INF] lib/net8.0/Microsoft.Extensions.Logging.xml 进度: 55/72
2026-06-28 17:46:34.933 +08:00 [INF] lib/net8.0/Microsoft.Extensions.Logging.xml 进度: 56/72
2026-06-28 17:46:34.933 +08:00 [INF] lib/net8.0/Microsoft.Extensions.Logging.xml 进度: 57/72
2026-06-28 17:46:34.934 +08:00 [INF] lib/net8.0/Microsoft.Extensions.Logging.xml 进度: 58/72
2026-06-28 17:46:34.934 +08:00 [INF] lib/net8.0/Microsoft.Extensions.Logging.xml 进度: 59/72
2026-06-28 17:46:34.934 +08:00 [INF] lib/net8.0/Microsoft.Extensions.Logging.xml 进度: 60/72
2026-06-28 17:46:34.934 +08:00 [INF] lib/net8.0/Microsoft.Extensions.Logging.xml 进度: 61/72
2026-06-28 17:46:34.934 +08:00 [INF] lib/net8.0/Microsoft.Extensions.Logging.xml 进度: 62/72
2026-06-28 17:46:34.935 +08:00 [INF] lib/net8.0/Microsoft.Extensions.Logging.xml 进度: 63/72
2026-06-28 17:46:34.935 +08:00 [INF] lib/net8.0/Microsoft.Extensions.Logging.xml 进度: 64/72
2026-06-28 17:46:34.974 +08:00 [INF] lib/net8.0/Microsoft.Extensions.Logging.xml 进度: 65/72
2026-06-28 17:46:34.974 +08:00 [INF] lib/net8.0/Microsoft.Extensions.Logging.xml 进度: 66/72
2026-06-28 17:46:34.974 +08:00 [INF] lib/net8.0/Microsoft.Extensions.Logging.xml 进度: 67/72
2026-06-28 17:46:34.974 +08:00 [INF] lib/net8.0/Microsoft.Extensions.Logging.xml 进度: 68/72
2026-06-28 17:46:34.975 +08:00 [INF] lib/net8.0/Microsoft.Extensions.Logging.xml 进度: 69/72
2026-06-28 17:46:34.975 +08:00 [INF] lib/net8.0/Microsoft.Extensions.Logging.xml 进度: 70/72
2026-06-28 17:46:34.975 +08:00 [INF] lib/net8.0/Microsoft.Extensions.Logging.xml 进度: 71/72
2026-06-28 17:46:34.975 +08:00 [INF] lib/net8.0/Microsoft.Extensions.Logging.xml 进度: 72/72
2026-06-28 17:46:34.976 +08:00 [INF] 完成文件: C:\Users\16229\source\OpenSourceLibrary\NugetTranslation\packages\microsoft.extensions.logging\10.0.9\lib\net8.0\zh-Hans\Microsoft.Extensions.Logging.xml
2026-06-28 17:46:34.978 +08:00 [INF] lib/net9.0/Microsoft.Extensions.Logging.xml 进度: 1/72
2026-06-28 17:46:34.978 +08:00 [INF] lib/net9.0/Microsoft.Extensions.Logging.xml 进度: 2/72
2026-06-28 17:46:34.978 +08:00 [INF] lib/net9.0/Microsoft.Extensions.Logging.xml 进度: 3/72
2026-06-28 17:46:34.978 +08:00 [INF] lib/net9.0/Microsoft.Extensions.Logging.xml 进度: 4/72
2026-06-28 17:46:34.978 +08:00 [INF] lib/net9.0/Microsoft.Extensions.Logging.xml 进度: 5/72
2026-06-28 17:46:34.979 +08:00 [INF] lib/net9.0/Microsoft.Extensions.Logging.xml 进度: 6/72
2026-06-28 17:46:34.979 +08:00 [INF] lib/net9.0/Microsoft.Extensions.Logging.xml 进度: 7/72
2026-06-28 17:46:34.979 +08:00 [INF] lib/net9.0/Microsoft.Extensions.Logging.xml 进度: 8/72
2026-06-28 17:46:34.979 +08:00 [INF] lib/net9.0/Microsoft.Extensions.Logging.xml 进度: 9/72
2026-06-28 17:46:34.979 +08:00 [INF] lib/net9.0/Microsoft.Extensions.Logging.xml 进度: 10/72
2026-06-28 17:46:34.979 +08:00 [INF] lib/net9.0/Microsoft.Extensions.Logging.xml 进度: 11/72
2026-06-28 17:46:34.979 +08:00 [INF] lib/net9.0/Microsoft.Extensions.Logging.xml 进度: 12/72
2026-06-28 17:46:34.979 +08:00 [INF] lib/net9.0/Microsoft.Extensions.Logging.xml 进度: 13/72
2026-06-28 17:46:34.979 +08:00 [INF] lib/net9.0/Microsoft.Extensions.Logging.xml 进度: 14/72
2026-06-28 17:46:34.979 +08:00 [INF] lib/net9.0/Microsoft.Extensions.Logging.xml 进度: 15/72
2026-06-28 17:46:34.979 +08:00 [INF] lib/net9.0/Microsoft.Extensions.Logging.xml 进度: 16/72
2026-06-28 17:46:34.980 +08:00 [INF] lib/net9.0/Microsoft.Extensions.Logging.xml 进度: 17/72
2026-06-28 17:46:34.980 +08:00 [INF] lib/net9.0/Microsoft.Extensions.Logging.xml 进度: 18/72
2026-06-28 17:46:34.980 +08:00 [INF] lib/net9.0/Microsoft.Extensions.Logging.xml 进度: 19/72
2026-06-28 17:46:34.980 +08:00 [INF] lib/net9.0/Microsoft.Extensions.Logging.xml 进度: 20/72
2026-06-28 17:46:34.983 +08:00 [INF] lib/net9.0/Microsoft.Extensions.Logging.xml 进度: 21/72
2026-06-28 17:46:34.983 +08:00 [INF] lib/net9.0/Microsoft.Extensions.Logging.xml 进度: 22/72
2026-06-28 17:46:34.983 +08:00 [INF] lib/net9.0/Microsoft.Extensions.Logging.xml 进度: 23/72
2026-06-28 17:46:34.983 +08:00 [INF] lib/net9.0/Microsoft.Extensions.Logging.xml 进度: 24/72
2026-06-28 17:46:34.983 +08:00 [INF] lib/net9.0/Microsoft.Extensions.Logging.xml 进度: 25/72
2026-06-28 17:46:34.983 +08:00 [INF] lib/net9.0/Microsoft.Extensions.Logging.xml 进度: 26/72
2026-06-28 17:46:34.983 +08:00 [INF] lib/net9.0/Microsoft.Extensions.Logging.xml 进度: 27/72
2026-06-28 17:46:34.983 +08:00 [INF] lib/net9.0/Microsoft.Extensions.Logging.xml 进度: 28/72
2026-06-28 17:46:34.991 +08:00 [INF] lib/net9.0/Microsoft.Extensions.Logging.xml 进度: 29/72
2026-06-28 17:46:34.991 +08:00 [INF] lib/net9.0/Microsoft.Extensions.Logging.xml 进度: 30/72
2026-06-28 17:46:34.991 +08:00 [INF] lib/net9.0/Microsoft.Extensions.Logging.xml 进度: 31/72
2026-06-28 17:46:34.991 +08:00 [INF] lib/net9.0/Microsoft.Extensions.Logging.xml 进度: 32/72
2026-06-28 17:46:34.991 +08:00 [INF] lib/net9.0/Microsoft.Extensions.Logging.xml 进度: 33/72
2026-06-28 17:46:34.991 +08:00 [INF] lib/net9.0/Microsoft.Extensions.Logging.xml 进度: 34/72
2026-06-28 17:46:34.991 +08:00 [INF] lib/net9.0/Microsoft.Extensions.Logging.xml 进度: 35/72
2026-06-28 17:46:34.991 +08:00 [INF] lib/net9.0/Microsoft.Extensions.Logging.xml 进度: 36/72
2026-06-28 17:46:34.992 +08:00 [INF] lib/net9.0/Microsoft.Extensions.Logging.xml 进度: 37/72
2026-06-28 17:46:34.992 +08:00 [INF] lib/net9.0/Microsoft.Extensions.Logging.xml 进度: 38/72
2026-06-28 17:46:34.992 +08:00 [INF] lib/net9.0/Microsoft.Extensions.Logging.xml 进度: 39/72
2026-06-28 17:46:34.992 +08:00 [INF] lib/net9.0/Microsoft.Extensions.Logging.xml 进度: 40/72
2026-06-28 17:46:34.992 +08:00 [INF] lib/net9.0/Microsoft.Extensions.Logging.xml 进度: 41/72
2026-06-28 17:46:34.992 +08:00 [INF] lib/net9.0/Microsoft.Extensions.Logging.xml 进度: 42/72
2026-06-28 17:46:34.992 +08:00 [INF] lib/net9.0/Microsoft.Extensions.Logging.xml 进度: 43/72
2026-06-28 17:46:34.992 +08:00 [INF] lib/net9.0/Microsoft.Extensions.Logging.xml 进度: 44/72
2026-06-28 17:46:34.992 +08:00 [INF] lib/net9.0/Microsoft.Extensions.Logging.xml 进度: 45/72
2026-06-28 17:46:34.992 +08:00 [INF] lib/net9.0/Microsoft.Extensions.Logging.xml 进度: 46/72
2026-06-28 17:46:34.992 +08:00 [INF] lib/net9.0/Microsoft.Extensions.Logging.xml 进度: 47/72
2026-06-28 17:46:34.992 +08:00 [INF] lib/net9.0/Microsoft.Extensions.Logging.xml 进度: 48/72
2026-06-28 17:46:34.992 +08:00 [INF] lib/net9.0/Microsoft.Extensions.Logging.xml 进度: 49/72
2026-06-28 17:46:34.992 +08:00 [INF] lib/net9.0/Microsoft.Extensions.Logging.xml 进度: 50/72
2026-06-28 17:46:34.992 +08:00 [INF] lib/net9.0/Microsoft.Extensions.Logging.xml 进度: 51/72
2026-06-28 17:46:34.992 +08:00 [INF] lib/net9.0/Microsoft.Extensions.Logging.xml 进度: 52/72
2026-06-28 17:46:34.993 +08:00 [INF] lib/net9.0/Microsoft.Extensions.Logging.xml 进度: 53/72
2026-06-28 17:46:34.993 +08:00 [INF] lib/net9.0/Microsoft.Extensions.Logging.xml 进度: 54/72
2026-06-28 17:46:34.993 +08:00 [INF] lib/net9.0/Microsoft.Extensions.Logging.xml 进度: 55/72
2026-06-28 17:46:34.993 +08:00 [INF] lib/net9.0/Microsoft.Extensions.Logging.xml 进度: 56/72
2026-06-28 17:46:34.993 +08:00 [INF] lib/net9.0/Microsoft.Extensions.Logging.xml 进度: 57/72
2026-06-28 17:46:34.993 +08:00 [INF] lib/net9.0/Microsoft.Extensions.Logging.xml 进度: 58/72
2026-06-28 17:46:34.993 +08:00 [INF] lib/net9.0/Microsoft.Extensions.Logging.xml 进度: 59/72
2026-06-28 17:46:34.993 +08:00 [INF] lib/net9.0/Microsoft.Extensions.Logging.xml 进度: 60/72
2026-06-28 17:46:34.993 +08:00 [INF] lib/net9.0/Microsoft.Extensions.Logging.xml 进度: 61/72
2026-06-28 17:46:34.993 +08:00 [INF] lib/net9.0/Microsoft.Extensions.Logging.xml 进度: 62/72
2026-06-28 17:46:34.993 +08:00 [INF] lib/net9.0/Microsoft.Extensions.Logging.xml 进度: 63/72
2026-06-28 17:46:34.993 +08:00 [INF] lib/net9.0/Microsoft.Extensions.Logging.xml 进度: 64/72
2026-06-28 17:46:34.993 +08:00 [INF] lib/net9.0/Microsoft.Extensions.Logging.xml 进度: 65/72
2026-06-28 17:46:34.993 +08:00 [INF] lib/net9.0/Microsoft.Extensions.Logging.xml 进度: 66/72
2026-06-28 17:46:34.993 +08:00 [INF] lib/net9.0/Microsoft.Extensions.Logging.xml 进度: 67/72
2026-06-28 17:46:34.994 +08:00 [INF] lib/net9.0/Microsoft.Extensions.Logging.xml 进度: 68/72
2026-06-28 17:46:34.994 +08:00 [INF] lib/net9.0/Microsoft.Extensions.Logging.xml 进度: 69/72
2026-06-28 17:46:34.994 +08:00 [INF] lib/net9.0/Microsoft.Extensions.Logging.xml 进度: 70/72
2026-06-28 17:46:34.994 +08:00 [INF] lib/net9.0/Microsoft.Extensions.Logging.xml 进度: 71/72
2026-06-28 17:46:34.994 +08:00 [INF] lib/net9.0/Microsoft.Extensions.Logging.xml 进度: 72/72
2026-06-28 17:46:34.995 +08:00 [INF] 完成文件: C:\Users\16229\source\OpenSourceLibrary\NugetTranslation\packages\microsoft.extensions.logging\10.0.9\lib\net9.0\zh-Hans\Microsoft.Extensions.Logging.xml
2026-06-28 17:46:34.999 +08:00 [INF] lib/netstandard2.0/Microsoft.Extensions.Logging.xml 进度: 1/110
2026-06-28 17:46:35.000 +08:00 [INF] lib/netstandard2.0/Microsoft.Extensions.Logging.xml 进度: 2/110
2026-06-28 17:46:35.000 +08:00 [INF] lib/netstandard2.0/Microsoft.Extensions.Logging.xml 进度: 3/110
2026-06-28 17:46:35.000 +08:00 [INF] lib/netstandard2.0/Microsoft.Extensions.Logging.xml 进度: 4/110
2026-06-28 17:46:35.000 +08:00 [INF] lib/netstandard2.0/Microsoft.Extensions.Logging.xml 进度: 5/110
2026-06-28 17:46:35.000 +08:00 [INF] lib/netstandard2.0/Microsoft.Extensions.Logging.xml 进度: 6/110
2026-06-28 17:46:35.000 +08:00 [INF] lib/netstandard2.0/Microsoft.Extensions.Logging.xml 进度: 7/110
2026-06-28 17:46:35.000 +08:00 [INF] lib/netstandard2.0/Microsoft.Extensions.Logging.xml 进度: 8/110
2026-06-28 17:46:35.000 +08:00 [INF] lib/netstandard2.0/Microsoft.Extensions.Logging.xml 进度: 9/110
2026-06-28 17:46:35.000 +08:00 [INF] lib/netstandard2.0/Microsoft.Extensions.Logging.xml 进度: 10/110
2026-06-28 17:46:35.000 +08:00 [INF] lib/netstandard2.0/Microsoft.Extensions.Logging.xml 进度: 11/110
2026-06-28 17:46:35.000 +08:00 [INF] lib/netstandard2.0/Microsoft.Extensions.Logging.xml 进度: 12/110
2026-06-28 17:46:35.000 +08:00 [INF] lib/netstandard2.0/Microsoft.Extensions.Logging.xml 进度: 13/110
2026-06-28 17:46:35.000 +08:00 [INF] lib/netstandard2.0/Microsoft.Extensions.Logging.xml 进度: 14/110
2026-06-28 17:46:35.001 +08:00 [INF] lib/netstandard2.0/Microsoft.Extensions.Logging.xml 进度: 15/110
2026-06-28 17:46:35.001 +08:00 [INF] lib/netstandard2.0/Microsoft.Extensions.Logging.xml 进度: 16/110
2026-06-28 17:46:35.001 +08:00 [INF] lib/netstandard2.0/Microsoft.Extensions.Logging.xml 进度: 17/110
2026-06-28 17:46:35.001 +08:00 [INF] lib/netstandard2.0/Microsoft.Extensions.Logging.xml 进度: 18/110
2026-06-28 17:46:35.001 +08:00 [INF] lib/netstandard2.0/Microsoft.Extensions.Logging.xml 进度: 19/110
2026-06-28 17:46:35.001 +08:00 [INF] lib/netstandard2.0/Microsoft.Extensions.Logging.xml 进度: 20/110
2026-06-28 17:46:35.001 +08:00 [INF] lib/netstandard2.0/Microsoft.Extensions.Logging.xml 进度: 21/110
2026-06-28 17:46:35.001 +08:00 [INF] lib/netstandard2.0/Microsoft.Extensions.Logging.xml 进度: 22/110
2026-06-28 17:46:35.001 +08:00 [INF] lib/netstandard2.0/Microsoft.Extensions.Logging.xml 进度: 23/110
2026-06-28 17:46:35.001 +08:00 [INF] lib/netstandard2.0/Microsoft.Extensions.Logging.xml 进度: 24/110
2026-06-28 17:46:35.001 +08:00 [INF] lib/netstandard2.0/Microsoft.Extensions.Logging.xml 进度: 25/110
2026-06-28 17:46:35.001 +08:00 [INF] lib/netstandard2.0/Microsoft.Extensions.Logging.xml 进度: 26/110
2026-06-28 17:46:35.001 +08:00 [INF] lib/netstandard2.0/Microsoft.Extensions.Logging.xml 进度: 27/110
2026-06-28 17:46:35.002 +08:00 [INF] lib/netstandard2.0/Microsoft.Extensions.Logging.xml 进度: 28/110
2026-06-28 17:46:35.002 +08:00 [INF] lib/netstandard2.0/Microsoft.Extensions.Logging.xml 进度: 29/110
2026-06-28 17:46:35.002 +08:00 [INF] lib/netstandard2.0/Microsoft.Extensions.Logging.xml 进度: 30/110
2026-06-28 17:46:35.002 +08:00 [INF] lib/netstandard2.0/Microsoft.Extensions.Logging.xml 进度: 31/110
2026-06-28 17:46:35.002 +08:00 [INF] lib/netstandard2.0/Microsoft.Extensions.Logging.xml 进度: 32/110
2026-06-28 17:46:35.002 +08:00 [INF] lib/netstandard2.0/Microsoft.Extensions.Logging.xml 进度: 33/110
2026-06-28 17:46:35.002 +08:00 [INF] lib/netstandard2.0/Microsoft.Extensions.Logging.xml 进度: 34/110
2026-06-28 17:46:35.002 +08:00 [INF] lib/netstandard2.0/Microsoft.Extensions.Logging.xml 进度: 35/110
2026-06-28 17:46:35.002 +08:00 [INF] lib/netstandard2.0/Microsoft.Extensions.Logging.xml 进度: 36/110
2026-06-28 17:46:35.002 +08:00 [INF] lib/netstandard2.0/Microsoft.Extensions.Logging.xml 进度: 37/110
2026-06-28 17:46:35.002 +08:00 [INF] lib/netstandard2.0/Microsoft.Extensions.Logging.xml 进度: 38/110
2026-06-28 17:46:35.002 +08:00 [INF] lib/netstandard2.0/Microsoft.Extensions.Logging.xml 进度: 39/110
2026-06-28 17:46:35.002 +08:00 [INF] lib/netstandard2.0/Microsoft.Extensions.Logging.xml 进度: 40/110
2026-06-28 17:46:35.002 +08:00 [INF] lib/netstandard2.0/Microsoft.Extensions.Logging.xml 进度: 41/110
2026-06-28 17:46:35.002 +08:00 [INF] lib/netstandard2.0/Microsoft.Extensions.Logging.xml 进度: 42/110
2026-06-28 17:46:35.002 +08:00 [INF] lib/netstandard2.0/Microsoft.Extensions.Logging.xml 进度: 43/110
2026-06-28 17:46:35.002 +08:00 [INF] lib/netstandard2.0/Microsoft.Extensions.Logging.xml 进度: 44/110
2026-06-28 17:46:35.004 +08:00 [INF] lib/netstandard2.0/Microsoft.Extensions.Logging.xml 进度: 45/110
2026-06-28 17:46:35.004 +08:00 [INF] lib/netstandard2.0/Microsoft.Extensions.Logging.xml 进度: 46/110
2026-06-28 17:46:35.004 +08:00 [INF] lib/netstandard2.0/Microsoft.Extensions.Logging.xml 进度: 47/110
2026-06-28 17:46:35.004 +08:00 [INF] lib/netstandard2.0/Microsoft.Extensions.Logging.xml 进度: 48/110
2026-06-28 17:46:35.004 +08:00 [INF] lib/netstandard2.0/Microsoft.Extensions.Logging.xml 进度: 49/110
2026-06-28 17:46:35.004 +08:00 [INF] lib/netstandard2.0/Microsoft.Extensions.Logging.xml 进度: 50/110
2026-06-28 17:46:35.004 +08:00 [INF] lib/netstandard2.0/Microsoft.Extensions.Logging.xml 进度: 51/110
2026-06-28 17:46:35.004 +08:00 [INF] lib/netstandard2.0/Microsoft.Extensions.Logging.xml 进度: 52/110
2026-06-28 17:46:35.004 +08:00 [INF] lib/netstandard2.0/Microsoft.Extensions.Logging.xml 进度: 53/110
2026-06-28 17:46:35.004 +08:00 [INF] lib/netstandard2.0/Microsoft.Extensions.Logging.xml 进度: 54/110
2026-06-28 17:46:35.004 +08:00 [INF] lib/netstandard2.0/Microsoft.Extensions.Logging.xml 进度: 55/110
2026-06-28 17:46:35.004 +08:00 [INF] lib/netstandard2.0/Microsoft.Extensions.Logging.xml 进度: 56/110
2026-06-28 17:46:35.004 +08:00 [INF] lib/netstandard2.0/Microsoft.Extensions.Logging.xml 进度: 57/110
2026-06-28 17:46:35.004 +08:00 [INF] lib/netstandard2.0/Microsoft.Extensions.Logging.xml 进度: 58/110
2026-06-28 17:46:35.005 +08:00 [INF] lib/netstandard2.0/Microsoft.Extensions.Logging.xml 进度: 59/110
2026-06-28 17:46:35.005 +08:00 [INF] lib/netstandard2.0/Microsoft.Extensions.Logging.xml 进度: 60/110
2026-06-28 17:46:35.005 +08:00 [INF] lib/netstandard2.0/Microsoft.Extensions.Logging.xml 进度: 61/110
2026-06-28 17:46:35.005 +08:00 [INF] lib/netstandard2.0/Microsoft.Extensions.Logging.xml 进度: 62/110
2026-06-28 17:46:35.005 +08:00 [INF] lib/netstandard2.0/Microsoft.Extensions.Logging.xml 进度: 63/110
2026-06-28 17:46:35.005 +08:00 [INF] lib/netstandard2.0/Microsoft.Extensions.Logging.xml 进度: 64/110
2026-06-28 17:46:35.005 +08:00 [INF] lib/netstandard2.0/Microsoft.Extensions.Logging.xml 进度: 65/110
2026-06-28 17:46:35.005 +08:00 [INF] lib/netstandard2.0/Microsoft.Extensions.Logging.xml 进度: 66/110
2026-06-28 17:46:35.005 +08:00 [INF] lib/netstandard2.0/Microsoft.Extensions.Logging.xml 进度: 67/110
2026-06-28 17:46:35.005 +08:00 [INF] lib/netstandard2.0/Microsoft.Extensions.Logging.xml 进度: 68/110
2026-06-28 17:46:35.005 +08:00 [INF] lib/netstandard2.0/Microsoft.Extensions.Logging.xml 进度: 69/110
2026-06-28 17:46:35.005 +08:00 [INF] lib/netstandard2.0/Microsoft.Extensions.Logging.xml 进度: 70/110
2026-06-28 17:46:35.005 +08:00 [INF] lib/netstandard2.0/Microsoft.Extensions.Logging.xml 进度: 71/110
2026-06-28 17:46:35.005 +08:00 [INF] lib/netstandard2.0/Microsoft.Extensions.Logging.xml 进度: 72/110
2026-06-28 17:46:35.005 +08:00 [INF] lib/netstandard2.0/Microsoft.Extensions.Logging.xml 进度: 73/110
2026-06-28 17:46:35.005 +08:00 [INF] lib/netstandard2.0/Microsoft.Extensions.Logging.xml 进度: 74/110
2026-06-28 17:46:35.006 +08:00 [INF] lib/netstandard2.0/Microsoft.Extensions.Logging.xml 进度: 75/110
2026-06-28 17:46:35.006 +08:00 [INF] lib/netstandard2.0/Microsoft.Extensions.Logging.xml 进度: 76/110
2026-06-28 17:46:35.006 +08:00 [INF] lib/netstandard2.0/Microsoft.Extensions.Logging.xml 进度: 77/110
2026-06-28 17:46:35.006 +08:00 [INF] lib/netstandard2.0/Microsoft.Extensions.Logging.xml 进度: 78/110
2026-06-28 17:46:35.006 +08:00 [INF] lib/netstandard2.0/Microsoft.Extensions.Logging.xml 进度: 79/110
2026-06-28 17:46:35.006 +08:00 [INF] lib/netstandard2.0/Microsoft.Extensions.Logging.xml 进度: 80/110
2026-06-28 17:46:35.007 +08:00 [INF] lib/netstandard2.0/Microsoft.Extensions.Logging.xml 进度: 81/110
2026-06-28 17:46:35.007 +08:00 [INF] lib/netstandard2.0/Microsoft.Extensions.Logging.xml 进度: 82/110
2026-06-28 17:46:35.007 +08:00 [INF] lib/netstandard2.0/Microsoft.Extensions.Logging.xml 进度: 83/110
2026-06-28 17:46:35.007 +08:00 [INF] lib/netstandard2.0/Microsoft.Extensions.Logging.xml 进度: 84/110
2026-06-28 17:46:35.007 +08:00 [INF] lib/netstandard2.0/Microsoft.Extensions.Logging.xml 进度: 85/110
2026-06-28 17:46:35.007 +08:00 [INF] lib/netstandard2.0/Microsoft.Extensions.Logging.xml 进度: 86/110
2026-06-28 17:46:35.007 +08:00 [INF] lib/netstandard2.0/Microsoft.Extensions.Logging.xml 进度: 87/110
2026-06-28 17:46:35.008 +08:00 [INF] lib/netstandard2.0/Microsoft.Extensions.Logging.xml 进度: 88/110
2026-06-28 17:46:35.008 +08:00 [INF] lib/netstandard2.0/Microsoft.Extensions.Logging.xml 进度: 89/110
2026-06-28 17:46:35.008 +08:00 [INF] lib/netstandard2.0/Microsoft.Extensions.Logging.xml 进度: 90/110
2026-06-28 17:46:35.008 +08:00 [INF] lib/netstandard2.0/Microsoft.Extensions.Logging.xml 进度: 91/110
2026-06-28 17:46:35.008 +08:00 [INF] lib/netstandard2.0/Microsoft.Extensions.Logging.xml 进度: 92/110
2026-06-28 17:46:35.008 +08:00 [INF] lib/netstandard2.0/Microsoft.Extensions.Logging.xml 进度: 93/110
2026-06-28 17:46:35.009 +08:00 [INF] lib/netstandard2.0/Microsoft.Extensions.Logging.xml 进度: 94/110
2026-06-28 17:46:35.009 +08:00 [INF] lib/netstandard2.0/Microsoft.Extensions.Logging.xml 进度: 95/110
2026-06-28 17:46:35.009 +08:00 [INF] lib/netstandard2.0/Microsoft.Extensions.Logging.xml 进度: 96/110
2026-06-28 17:46:35.009 +08:00 [INF] lib/netstandard2.0/Microsoft.Extensions.Logging.xml 进度: 97/110
2026-06-28 17:46:35.009 +08:00 [INF] lib/netstandard2.0/Microsoft.Extensions.Logging.xml 进度: 98/110
2026-06-28 17:46:35.009 +08:00 [INF] lib/netstandard2.0/Microsoft.Extensions.Logging.xml 进度: 99/110
2026-06-28 17:46:35.010 +08:00 [INF] lib/netstandard2.0/Microsoft.Extensions.Logging.xml 进度: 100/110
2026-06-28 17:46:35.010 +08:00 [INF] lib/netstandard2.0/Microsoft.Extensions.Logging.xml 进度: 101/110
2026-06-28 17:46:35.010 +08:00 [INF] lib/netstandard2.0/Microsoft.Extensions.Logging.xml 进度: 102/110
2026-06-28 17:46:35.010 +08:00 [INF] lib/netstandard2.0/Microsoft.Extensions.Logging.xml 进度: 103/110
2026-06-28 17:46:35.010 +08:00 [INF] lib/netstandard2.0/Microsoft.Extensions.Logging.xml 进度: 104/110
2026-06-28 17:46:35.010 +08:00 [INF] lib/netstandard2.0/Microsoft.Extensions.Logging.xml 进度: 105/110
2026-06-28 17:46:35.010 +08:00 [INF] lib/netstandard2.0/Microsoft.Extensions.Logging.xml 进度: 106/110
2026-06-28 17:46:35.011 +08:00 [INF] lib/netstandard2.0/Microsoft.Extensions.Logging.xml 进度: 107/110
2026-06-28 17:46:35.011 +08:00 [INF] lib/netstandard2.0/Microsoft.Extensions.Logging.xml 进度: 108/110
2026-06-28 17:46:35.011 +08:00 [INF] lib/netstandard2.0/Microsoft.Extensions.Logging.xml 进度: 109/110
2026-06-28 17:46:35.011 +08:00 [INF] lib/netstandard2.0/Microsoft.Extensions.Logging.xml 进度: 110/110
2026-06-28 17:46:35.012 +08:00 [INF] 完成文件: C:\Users\16229\source\OpenSourceLibrary\NugetTranslation\packages\microsoft.extensions.logging\10.0.9\lib\netstandard2.0\zh-Hans\Microsoft.Extensions.Logging.xml
2026-06-28 17:46:35.017 +08:00 [INF] lib/netstandard2.1/Microsoft.Extensions.Logging.xml 进度: 1/93
2026-06-28 17:46:35.017 +08:00 [INF] lib/netstandard2.1/Microsoft.Extensions.Logging.xml 进度: 2/93
2026-06-28 17:46:35.017 +08:00 [INF] lib/netstandard2.1/Microsoft.Extensions.Logging.xml 进度: 3/93
2026-06-28 17:46:35.017 +08:00 [INF] lib/netstandard2.1/Microsoft.Extensions.Logging.xml 进度: 4/93
2026-06-28 17:46:35.017 +08:00 [INF] lib/netstandard2.1/Microsoft.Extensions.Logging.xml 进度: 5/93
2026-06-28 17:46:35.017 +08:00 [INF] lib/netstandard2.1/Microsoft.Extensions.Logging.xml 进度: 6/93
2026-06-28 17:46:35.017 +08:00 [INF] lib/netstandard2.1/Microsoft.Extensions.Logging.xml 进度: 7/93
2026-06-28 17:46:35.017 +08:00 [INF] lib/netstandard2.1/Microsoft.Extensions.Logging.xml 进度: 8/93
2026-06-28 17:46:35.017 +08:00 [INF] lib/netstandard2.1/Microsoft.Extensions.Logging.xml 进度: 9/93
2026-06-28 17:46:35.017 +08:00 [INF] lib/netstandard2.1/Microsoft.Extensions.Logging.xml 进度: 10/93
2026-06-28 17:46:35.017 +08:00 [INF] lib/netstandard2.1/Microsoft.Extensions.Logging.xml 进度: 11/93
2026-06-28 17:46:35.017 +08:00 [INF] lib/netstandard2.1/Microsoft.Extensions.Logging.xml 进度: 12/93
2026-06-28 17:46:35.017 +08:00 [INF] lib/netstandard2.1/Microsoft.Extensions.Logging.xml 进度: 13/93
2026-06-28 17:46:35.017 +08:00 [INF] lib/netstandard2.1/Microsoft.Extensions.Logging.xml 进度: 14/93
2026-06-28 17:46:35.018 +08:00 [INF] lib/netstandard2.1/Microsoft.Extensions.Logging.xml 进度: 15/93
2026-06-28 17:46:35.018 +08:00 [INF] lib/netstandard2.1/Microsoft.Extensions.Logging.xml 进度: 16/93
2026-06-28 17:46:35.018 +08:00 [INF] lib/netstandard2.1/Microsoft.Extensions.Logging.xml 进度: 17/93
2026-06-28 17:46:35.018 +08:00 [INF] lib/netstandard2.1/Microsoft.Extensions.Logging.xml 进度: 18/93
2026-06-28 17:46:35.018 +08:00 [INF] lib/netstandard2.1/Microsoft.Extensions.Logging.xml 进度: 19/93
2026-06-28 17:46:35.018 +08:00 [INF] lib/netstandard2.1/Microsoft.Extensions.Logging.xml 进度: 20/93
2026-06-28 17:46:35.018 +08:00 [INF] lib/netstandard2.1/Microsoft.Extensions.Logging.xml 进度: 21/93
2026-06-28 17:46:35.018 +08:00 [INF] lib/netstandard2.1/Microsoft.Extensions.Logging.xml 进度: 22/93
2026-06-28 17:46:35.018 +08:00 [INF] lib/netstandard2.1/Microsoft.Extensions.Logging.xml 进度: 23/93
2026-06-28 17:46:35.018 +08:00 [INF] lib/netstandard2.1/Microsoft.Extensions.Logging.xml 进度: 24/93
2026-06-28 17:46:35.018 +08:00 [INF] lib/netstandard2.1/Microsoft.Extensions.Logging.xml 进度: 25/93
2026-06-28 17:46:35.018 +08:00 [INF] lib/netstandard2.1/Microsoft.Extensions.Logging.xml 进度: 26/93
2026-06-28 17:46:35.018 +08:00 [INF] lib/netstandard2.1/Microsoft.Extensions.Logging.xml 进度: 27/93
2026-06-28 17:46:35.018 +08:00 [INF] lib/netstandard2.1/Microsoft.Extensions.Logging.xml 进度: 28/93
2026-06-28 17:46:35.018 +08:00 [INF] lib/netstandard2.1/Microsoft.Extensions.Logging.xml 进度: 29/93
2026-06-28 17:46:35.018 +08:00 [INF] lib/netstandard2.1/Microsoft.Extensions.Logging.xml 进度: 30/93
2026-06-28 17:46:35.018 +08:00 [INF] lib/netstandard2.1/Microsoft.Extensions.Logging.xml 进度: 31/93
2026-06-28 17:46:35.018 +08:00 [INF] lib/netstandard2.1/Microsoft.Extensions.Logging.xml 进度: 32/93
2026-06-28 17:46:35.018 +08:00 [INF] lib/netstandard2.1/Microsoft.Extensions.Logging.xml 进度: 33/93
2026-06-28 17:46:35.018 +08:00 [INF] lib/netstandard2.1/Microsoft.Extensions.Logging.xml 进度: 34/93
2026-06-28 17:46:35.018 +08:00 [INF] lib/netstandard2.1/Microsoft.Extensions.Logging.xml 进度: 35/93
2026-06-28 17:46:35.018 +08:00 [INF] lib/netstandard2.1/Microsoft.Extensions.Logging.xml 进度: 36/93
2026-06-28 17:46:35.019 +08:00 [INF] lib/netstandard2.1/Microsoft.Extensions.Logging.xml 进度: 37/93
2026-06-28 17:46:35.019 +08:00 [INF] lib/netstandard2.1/Microsoft.Extensions.Logging.xml 进度: 38/93
2026-06-28 17:46:35.019 +08:00 [INF] lib/netstandard2.1/Microsoft.Extensions.Logging.xml 进度: 39/93
2026-06-28 17:46:35.019 +08:00 [INF] lib/netstandard2.1/Microsoft.Extensions.Logging.xml 进度: 40/93
2026-06-28 17:46:35.019 +08:00 [INF] lib/netstandard2.1/Microsoft.Extensions.Logging.xml 进度: 41/93
2026-06-28 17:46:35.019 +08:00 [INF] lib/netstandard2.1/Microsoft.Extensions.Logging.xml 进度: 42/93
2026-06-28 17:46:35.019 +08:00 [INF] lib/netstandard2.1/Microsoft.Extensions.Logging.xml 进度: 43/93
2026-06-28 17:46:35.019 +08:00 [INF] lib/netstandard2.1/Microsoft.Extensions.Logging.xml 进度: 44/93
2026-06-28 17:46:35.019 +08:00 [INF] lib/netstandard2.1/Microsoft.Extensions.Logging.xml 进度: 45/93
2026-06-28 17:46:35.019 +08:00 [INF] lib/netstandard2.1/Microsoft.Extensions.Logging.xml 进度: 46/93
2026-06-28 17:46:35.019 +08:00 [INF] lib/netstandard2.1/Microsoft.Extensions.Logging.xml 进度: 47/93
2026-06-28 17:46:35.019 +08:00 [INF] lib/netstandard2.1/Microsoft.Extensions.Logging.xml 进度: 48/93
2026-06-28 17:46:35.019 +08:00 [INF] lib/netstandard2.1/Microsoft.Extensions.Logging.xml 进度: 49/93
2026-06-28 17:46:35.019 +08:00 [INF] lib/netstandard2.1/Microsoft.Extensions.Logging.xml 进度: 50/93
2026-06-28 17:46:35.019 +08:00 [INF] lib/netstandard2.1/Microsoft.Extensions.Logging.xml 进度: 51/93
2026-06-28 17:46:35.019 +08:00 [INF] lib/netstandard2.1/Microsoft.Extensions.Logging.xml 进度: 52/93
2026-06-28 17:46:35.019 +08:00 [INF] lib/netstandard2.1/Microsoft.Extensions.Logging.xml 进度: 53/93
2026-06-28 17:46:35.019 +08:00 [INF] lib/netstandard2.1/Microsoft.Extensions.Logging.xml 进度: 54/93
2026-06-28 17:46:35.019 +08:00 [INF] lib/netstandard2.1/Microsoft.Extensions.Logging.xml 进度: 55/93
2026-06-28 17:46:35.019 +08:00 [INF] lib/netstandard2.1/Microsoft.Extensions.Logging.xml 进度: 56/93
2026-06-28 17:46:35.019 +08:00 [INF] lib/netstandard2.1/Microsoft.Extensions.Logging.xml 进度: 57/93
2026-06-28 17:46:35.019 +08:00 [INF] lib/netstandard2.1/Microsoft.Extensions.Logging.xml 进度: 58/93
2026-06-28 17:46:35.019 +08:00 [INF] lib/netstandard2.1/Microsoft.Extensions.Logging.xml 进度: 59/93
2026-06-28 17:46:35.019 +08:00 [INF] lib/netstandard2.1/Microsoft.Extensions.Logging.xml 进度: 60/93
2026-06-28 17:46:35.019 +08:00 [INF] lib/netstandard2.1/Microsoft.Extensions.Logging.xml 进度: 61/93
2026-06-28 17:46:35.019 +08:00 [INF] lib/netstandard2.1/Microsoft.Extensions.Logging.xml 进度: 62/93
2026-06-28 17:46:35.019 +08:00 [INF] lib/netstandard2.1/Microsoft.Extensions.Logging.xml 进度: 63/93
2026-06-28 17:46:35.019 +08:00 [INF] lib/netstandard2.1/Microsoft.Extensions.Logging.xml 进度: 64/93
2026-06-28 17:46:35.019 +08:00 [INF] lib/netstandard2.1/Microsoft.Extensions.Logging.xml 进度: 65/93
2026-06-28 17:46:35.019 +08:00 [INF] lib/netstandard2.1/Microsoft.Extensions.Logging.xml 进度: 66/93
2026-06-28 17:46:35.019 +08:00 [INF] lib/netstandard2.1/Microsoft.Extensions.Logging.xml 进度: 67/93
2026-06-28 17:46:35.019 +08:00 [INF] lib/netstandard2.1/Microsoft.Extensions.Logging.xml 进度: 68/93
2026-06-28 17:46:35.019 +08:00 [INF] lib/netstandard2.1/Microsoft.Extensions.Logging.xml 进度: 69/93
2026-06-28 17:46:35.019 +08:00 [INF] lib/netstandard2.1/Microsoft.Extensions.Logging.xml 进度: 70/93
2026-06-28 17:46:35.019 +08:00 [INF] lib/netstandard2.1/Microsoft.Extensions.Logging.xml 进度: 71/93
2026-06-28 17:46:35.019 +08:00 [INF] lib/netstandard2.1/Microsoft.Extensions.Logging.xml 进度: 72/93
2026-06-28 17:46:35.019 +08:00 [INF] lib/netstandard2.1/Microsoft.Extensions.Logging.xml 进度: 73/93
2026-06-28 17:46:35.019 +08:00 [INF] lib/netstandard2.1/Microsoft.Extensions.Logging.xml 进度: 74/93
2026-06-28 17:46:35.019 +08:00 [INF] lib/netstandard2.1/Microsoft.Extensions.Logging.xml 进度: 75/93
2026-06-28 17:46:35.020 +08:00 [INF] lib/netstandard2.1/Microsoft.Extensions.Logging.xml 进度: 76/93
2026-06-28 17:46:35.020 +08:00 [INF] lib/netstandard2.1/Microsoft.Extensions.Logging.xml 进度: 77/93
2026-06-28 17:46:35.020 +08:00 [INF] lib/netstandard2.1/Microsoft.Extensions.Logging.xml 进度: 78/93
2026-06-28 17:46:35.020 +08:00 [INF] lib/netstandard2.1/Microsoft.Extensions.Logging.xml 进度: 79/93
2026-06-28 17:46:35.020 +08:00 [INF] lib/netstandard2.1/Microsoft.Extensions.Logging.xml 进度: 80/93
2026-06-28 17:46:35.020 +08:00 [INF] lib/netstandard2.1/Microsoft.Extensions.Logging.xml 进度: 81/93
2026-06-28 17:46:35.020 +08:00 [INF] lib/netstandard2.1/Microsoft.Extensions.Logging.xml 进度: 82/93
2026-06-28 17:46:35.020 +08:00 [INF] lib/netstandard2.1/Microsoft.Extensions.Logging.xml 进度: 83/93
2026-06-28 17:46:35.020 +08:00 [INF] lib/netstandard2.1/Microsoft.Extensions.Logging.xml 进度: 84/93
2026-06-28 17:46:35.020 +08:00 [INF] lib/netstandard2.1/Microsoft.Extensions.Logging.xml 进度: 85/93
2026-06-28 17:46:35.020 +08:00 [INF] lib/netstandard2.1/Microsoft.Extensions.Logging.xml 进度: 86/93
2026-06-28 17:46:35.020 +08:00 [INF] lib/netstandard2.1/Microsoft.Extensions.Logging.xml 进度: 87/93
2026-06-28 17:46:35.020 +08:00 [INF] lib/netstandard2.1/Microsoft.Extensions.Logging.xml 进度: 88/93
2026-06-28 17:46:35.020 +08:00 [INF] lib/netstandard2.1/Microsoft.Extensions.Logging.xml 进度: 89/93
2026-06-28 17:46:35.020 +08:00 [INF] lib/netstandard2.1/Microsoft.Extensions.Logging.xml 进度: 90/93
2026-06-28 17:46:35.020 +08:00 [INF] lib/netstandard2.1/Microsoft.Extensions.Logging.xml 进度: 91/93
2026-06-28 17:46:35.020 +08:00 [INF] lib/netstandard2.1/Microsoft.Extensions.Logging.xml 进度: 92/93
2026-06-28 17:46:35.020 +08:00 [INF] lib/netstandard2.1/Microsoft.Extensions.Logging.xml 进度: 93/93
2026-06-28 17:46:35.021 +08:00 [INF] 完成文件: C:\Users\16229\source\OpenSourceLibrary\NugetTranslation\packages\microsoft.extensions.logging\10.0.9\lib\netstandard2.1\zh-Hans\Microsoft.Extensions.Logging.xml
2026-06-28 17:46:35.021 +08:00 [INF] ===== 包 microsoft.extensions.logging 完成 =====
