2026-06-28 19:23:49.991 +08:00 [INF] 正在提取文件: lib/net10.0/Microsoft.Extensions.Options.ConfigurationExtensions.xml
2026-06-28 19:23:49.996 +08:00 [INF] 正在提取文件: lib/net462/Microsoft.Extensions.Options.ConfigurationExtensions.xml
2026-06-28 19:23:49.997 +08:00 [INF] 正在提取文件: lib/net8.0/Microsoft.Extensions.Options.ConfigurationExtensions.xml
2026-06-28 19:23:49.999 +08:00 [INF] 正在提取文件: lib/net9.0/Microsoft.Extensions.Options.ConfigurationExtensions.xml
2026-06-28 19:23:50.004 +08:00 [INF] 正在提取文件: lib/netstandard2.0/Microsoft.Extensions.Options.ConfigurationExtensions.xml
2026-06-28 19:23:50.023 +08:00 [DBG] 缓存缺失: T:Microsoft.Extensions.Options.ConfigurationChangeTokenSource`1
2026-06-28 19:23:50.024 +08:00 [DBG] 缓存缺失: M:Microsoft.Extensions.Options.ConfigurationChangeTokenSource`1.#ctor(Microsoft.Extensions.Configuration.IConfiguration)
2026-06-28 19:23:50.024 +08:00 [DBG] 缓存缺失: M:Microsoft.Extensions.Options.ConfigurationChangeTokenSource`1.#ctor(System.String,Microsoft.Extensions.Configuration.IConfiguration)
2026-06-28 19:23:50.024 +08:00 [DBG] 缓存缺失: P:Microsoft.Extensions.Options.ConfigurationChangeTokenSource`1.Name
2026-06-28 19:23:50.024 +08:00 [DBG] 缓存缺失: M:Microsoft.Extensions.Options.ConfigurationChangeTokenSource`1.GetChangeToken
2026-06-28 19:23:50.025 +08:00 [DBG] 缓存缺失: T:Microsoft.Extensions.Options.ConfigureFromConfigurationOptions`1
2026-06-28 19:23:50.025 +08:00 [DBG] 缓存缺失: M:Microsoft.Extensions.Options.ConfigureFromConfigurationOptions`1.#ctor(Microsoft.Extensions.Configuration.IConfiguration)
2026-06-28 19:23:50.025 +08:00 [DBG] 缓存缺失: T:Microsoft.Extensions.Options.NamedConfigureFromConfigurationOptions`1
2026-06-28 19:23:50.025 +08:00 [DBG] 缓存缺失: M:Microsoft.Extensions.Options.NamedConfigureFromConfigurationOptions`1.#ctor(System.String,Microsoft.Extensions.Configuration.IConfiguration)
2026-06-28 19:23:50.025 +08:00 [DBG] 缓存缺失: M:Microsoft.Extensions.Options.NamedConfigureFromConfigurationOptions`1.#ctor(System.String,Microsoft.Extensions.Configuration.IConfiguration,System.Action{Microsoft.Extensions.Configuration.BinderOptions})
2026-06-28 19:23:50.026 +08:00 [DBG] 缓存缺失: T:Microsoft.Extensions.DependencyInjection.OptionsBuilderConfigurationExtensions
2026-06-28 19:23:50.026 +08:00 [DBG] 缓存缺失: M:Microsoft.Extensions.DependencyInjection.OptionsBuilderConfigurationExtensions.Bind``1(Microsoft.Extensions.Options.OptionsBuilder{``0},Microsoft.Extensions.Configuration.IConfiguration)
2026-06-28 19:23:50.026 +08:00 [DBG] 缓存缺失: M:Microsoft.Extensions.DependencyInjection.OptionsBuilderConfigurationExtensions.Bind``1(Microsoft.Extensions.Options.OptionsBuilder{``0},Microsoft.Extensions.Configuration.IConfiguration,System.Action{Microsoft.Extensions.Configuration.BinderOptions})
2026-06-28 19:23:50.026 +08:00 [DBG] 缓存缺失: M:Microsoft.Extensions.DependencyInjection.OptionsBuilderConfigurationExtensions.BindConfiguration``1(Microsoft.Extensions.Options.OptionsBuilder{``0},System.String,System.Action{Microsoft.Extensions.Configuration.BinderOptions})
2026-06-28 19:23:50.026 +08:00 [DBG] 缓存缺失: T:Microsoft.Extensions.DependencyInjection.OptionsConfigurationServiceCollectionExtensions
2026-06-28 19:23:50.027 +08:00 [DBG] 缓存缺失: M:Microsoft.Extensions.DependencyInjection.OptionsConfigurationServiceCollectionExtensions.Configure``1(Microsoft.Extensions.DependencyInjection.IServiceCollection,Microsoft.Extensions.Configuration.IConfiguration)
2026-06-28 19:23:50.027 +08:00 [DBG] 缓存缺失: M:Microsoft.Extensions.DependencyInjection.OptionsConfigurationServiceCollectionExtensions.Configure``1(Microsoft.Extensions.DependencyInjection.IServiceCollection,System.String,Microsoft.Extensions.Configuration.IConfiguration)
2026-06-28 19:23:50.027 +08:00 [DBG] 缓存缺失: M:Microsoft.Extensions.DependencyInjection.OptionsConfigurationServiceCollectionExtensions.Configure``1(Microsoft.Extensions.DependencyInjection.IServiceCollection,Microsoft.Extensions.Configuration.IConfiguration,System.Action{Microsoft.Extensions.Configuration.BinderOptions})
2026-06-28 19:23:50.027 +08:00 [DBG] 缓存缺失: M:Microsoft.Extensions.DependencyInjection.OptionsConfigurationServiceCollectionExtensions.Configure``1(Microsoft.Extensions.DependencyInjection.IServiceCollection,System.String,Microsoft.Extensions.Configuration.IConfiguration,System.Action{Microsoft.Extensions.Configuration.BinderOptions})
2026-06-28 19:23:55.494 +08:00 [INF] lib/net10.0/Microsoft.Extensions.Options.ConfigurationExtensions.xml 进度: 1/19
2026-06-28 19:23:56.205 +08:00 [INF] lib/net10.0/Microsoft.Extensions.Options.ConfigurationExtensions.xml 进度: 2/19
2026-06-28 19:23:59.104 +08:00 [INF] lib/net10.0/Microsoft.Extensions.Options.ConfigurationExtensions.xml 进度: 3/19
2026-06-28 19:24:00.314 +08:00 [INF] lib/net10.0/Microsoft.Extensions.Options.ConfigurationExtensions.xml 进度: 4/19
2026-06-28 19:24:00.906 +08:00 [INF] lib/net10.0/Microsoft.Extensions.Options.ConfigurationExtensions.xml 进度: 5/19
2026-06-28 19:24:01.109 +08:00 [INF] lib/net10.0/Microsoft.Extensions.Options.ConfigurationExtensions.xml 进度: 6/19
2026-06-28 19:24:01.416 +08:00 [INF] lib/net10.0/Microsoft.Extensions.Options.ConfigurationExtensions.xml 进度: 7/19
2026-06-28 19:24:01.425 +08:00 [INF] lib/net10.0/Microsoft.Extensions.Options.ConfigurationExtensions.xml 进度: 8/19
2026-06-28 19:24:06.354 +08:00 [INF] lib/net10.0/Microsoft.Extensions.Options.ConfigurationExtensions.xml 进度: 9/19
2026-06-28 19:24:07.055 +08:00 [INF] lib/net10.0/Microsoft.Extensions.Options.ConfigurationExtensions.xml 进度: 10/19
2026-06-28 19:24:07.357 +08:00 [INF] lib/net10.0/Microsoft.Extensions.Options.ConfigurationExtensions.xml 进度: 11/19
2026-06-28 19:24:08.289 +08:00 [INF] lib/net10.0/Microsoft.Extensions.Options.ConfigurationExtensions.xml 进度: 12/19
2026-06-28 19:24:08.383 +08:00 [INF] lib/net10.0/Microsoft.Extensions.Options.ConfigurationExtensions.xml 进度: 13/19
2026-06-28 19:24:09.921 +08:00 [INF] lib/net10.0/Microsoft.Extensions.Options.ConfigurationExtensions.xml 进度: 14/19
2026-06-28 19:24:23.245 +08:00 [INF] lib/net10.0/Microsoft.Extensions.Options.ConfigurationExtensions.xml 进度: 15/19
2026-06-28 19:24:23.944 +08:00 [INF] lib/net10.0/Microsoft.Extensions.Options.ConfigurationExtensions.xml 进度: 16/19
2026-06-28 19:24:24.155 +08:00 [INF] lib/net10.0/Microsoft.Extensions.Options.ConfigurationExtensions.xml 进度: 17/19
2026-06-28 19:24:29.613 +08:00 [INF] lib/net10.0/Microsoft.Extensions.Options.ConfigurationExtensions.xml 进度: 18/19
2026-06-28 19:48:18.491 +08:00 [INF] 正在提取文件: lib/net10.0/Microsoft.Extensions.Options.ConfigurationExtensions.xml
2026-06-28 19:48:18.492 +08:00 [INF] 正在提取文件: lib/net462/Microsoft.Extensions.Options.ConfigurationExtensions.xml
2026-06-28 19:48:18.492 +08:00 [INF] 正在提取文件: lib/net8.0/Microsoft.Extensions.Options.ConfigurationExtensions.xml
2026-06-28 19:48:18.493 +08:00 [INF] 正在提取文件: lib/net9.0/Microsoft.Extensions.Options.ConfigurationExtensions.xml
2026-06-28 19:48:18.494 +08:00 [INF] 正在提取文件: lib/netstandard2.0/Microsoft.Extensions.Options.ConfigurationExtensions.xml
2026-06-28 19:48:18.498 +08:00 [INF] lib/net10.0/Microsoft.Extensions.Options.ConfigurationExtensions.xml 进度: 1/19
2026-06-28 19:48:18.501 +08:00 [INF] lib/net10.0/Microsoft.Extensions.Options.ConfigurationExtensions.xml 进度: 2/19
2026-06-28 19:48:18.501 +08:00 [INF] lib/net10.0/Microsoft.Extensions.Options.ConfigurationExtensions.xml 进度: 3/19
2026-06-28 19:48:18.501 +08:00 [INF] lib/net10.0/Microsoft.Extensions.Options.ConfigurationExtensions.xml 进度: 4/19
2026-06-28 19:48:18.502 +08:00 [INF] lib/net10.0/Microsoft.Extensions.Options.ConfigurationExtensions.xml 进度: 5/19
2026-06-28 19:48:18.502 +08:00 [INF] lib/net10.0/Microsoft.Extensions.Options.ConfigurationExtensions.xml 进度: 6/19
2026-06-28 19:48:18.502 +08:00 [INF] lib/net10.0/Microsoft.Extensions.Options.ConfigurationExtensions.xml 进度: 7/19
2026-06-28 19:48:18.503 +08:00 [INF] lib/net10.0/Microsoft.Extensions.Options.ConfigurationExtensions.xml 进度: 8/19
2026-06-28 19:48:18.503 +08:00 [INF] lib/net10.0/Microsoft.Extensions.Options.ConfigurationExtensions.xml 进度: 9/19
2026-06-28 19:48:18.503 +08:00 [INF] lib/net10.0/Microsoft.Extensions.Options.ConfigurationExtensions.xml 进度: 10/19
2026-06-28 19:48:18.506 +08:00 [INF] lib/net10.0/Microsoft.Extensions.Options.ConfigurationExtensions.xml 进度: 11/19
2026-06-28 19:48:18.506 +08:00 [INF] lib/net10.0/Microsoft.Extensions.Options.ConfigurationExtensions.xml 进度: 12/19
2026-06-28 19:48:18.507 +08:00 [INF] lib/net10.0/Microsoft.Extensions.Options.ConfigurationExtensions.xml 进度: 13/19
2026-06-28 19:48:18.507 +08:00 [DBG] 缓存缺失: M:Microsoft.Extensions.DependencyInjection.OptionsBuilderConfigurationExtensions.BindConfiguration``1(Microsoft.Extensions.Options.OptionsBuilder{``0},System.String,System.Action{Microsoft.Extensions.Configuration.BinderOptions})
2026-06-28 19:48:18.507 +08:00 [INF] lib/net10.0/Microsoft.Extensions.Options.ConfigurationExtensions.xml 进度: 14/19
2026-06-28 19:48:18.508 +08:00 [INF] lib/net10.0/Microsoft.Extensions.Options.ConfigurationExtensions.xml 进度: 15/19
2026-06-28 19:48:18.508 +08:00 [INF] lib/net10.0/Microsoft.Extensions.Options.ConfigurationExtensions.xml 进度: 16/19
2026-06-28 19:48:18.508 +08:00 [INF] lib/net10.0/Microsoft.Extensions.Options.ConfigurationExtensions.xml 进度: 17/19
2026-06-28 19:48:18.508 +08:00 [INF] lib/net10.0/Microsoft.Extensions.Options.ConfigurationExtensions.xml 进度: 18/19
2026-06-28 19:49:09.174 +08:00 [INF] lib/net10.0/Microsoft.Extensions.Options.ConfigurationExtensions.xml 进度: 19/19
2026-06-28 19:49:09.174 +08:00 [INF] 文件完成，本文件翻译 1 条，累计输入 512 tokens，输出 5513 tokens，估算费用 0.01 元
2026-06-28 19:49:09.175 +08:00 [INF] 完成文件: C:\Users\16229\source\OpenSourceLibrary\NugetTranslation\packages\microsoft.extensions.options.configurationextensions\10.0.9\lib\net10.0\zh-Hans\Microsoft.Extensions.Options.ConfigurationExtensions.xml
2026-06-28 19:49:09.181 +08:00 [INF] lib/net462/Microsoft.Extensions.Options.ConfigurationExtensions.xml 进度: 1/111
2026-06-28 19:49:09.181 +08:00 [INF] lib/net462/Microsoft.Extensions.Options.ConfigurationExtensions.xml 进度: 2/111
2026-06-28 19:49:09.181 +08:00 [INF] lib/net462/Microsoft.Extensions.Options.ConfigurationExtensions.xml 进度: 3/111
2026-06-28 19:49:09.182 +08:00 [INF] lib/net462/Microsoft.Extensions.Options.ConfigurationExtensions.xml 进度: 4/111
2026-06-28 19:49:09.182 +08:00 [INF] lib/net462/Microsoft.Extensions.Options.ConfigurationExtensions.xml 进度: 5/111
2026-06-28 19:49:09.182 +08:00 [INF] lib/net462/Microsoft.Extensions.Options.ConfigurationExtensions.xml 进度: 6/111
2026-06-28 19:49:09.182 +08:00 [INF] lib/net462/Microsoft.Extensions.Options.ConfigurationExtensions.xml 进度: 7/111
2026-06-28 19:49:09.182 +08:00 [INF] lib/net462/Microsoft.Extensions.Options.ConfigurationExtensions.xml 进度: 8/111
2026-06-28 19:49:09.182 +08:00 [INF] lib/net462/Microsoft.Extensions.Options.ConfigurationExtensions.xml 进度: 9/111
2026-06-28 19:49:09.182 +08:00 [INF] lib/net462/Microsoft.Extensions.Options.ConfigurationExtensions.xml 进度: 10/111
2026-06-28 19:49:09.182 +08:00 [INF] lib/net462/Microsoft.Extensions.Options.ConfigurationExtensions.xml 进度: 11/111
2026-06-28 19:49:09.183 +08:00 [INF] lib/net462/Microsoft.Extensions.Options.ConfigurationExtensions.xml 进度: 12/111
2026-06-28 19:49:09.183 +08:00 [INF] lib/net462/Microsoft.Extensions.Options.ConfigurationExtensions.xml 进度: 13/111
2026-06-28 19:49:09.183 +08:00 [INF] lib/net462/Microsoft.Extensions.Options.ConfigurationExtensions.xml 进度: 14/111
2026-06-28 19:49:09.183 +08:00 [INF] lib/net462/Microsoft.Extensions.Options.ConfigurationExtensions.xml 进度: 15/111
2026-06-28 19:49:09.184 +08:00 [INF] lib/net462/Microsoft.Extensions.Options.ConfigurationExtensions.xml 进度: 16/111
2026-06-28 19:49:09.184 +08:00 [INF] lib/net462/Microsoft.Extensions.Options.ConfigurationExtensions.xml 进度: 17/111
2026-06-28 19:49:09.186 +08:00 [INF] lib/net462/Microsoft.Extensions.Options.ConfigurationExtensions.xml 进度: 18/111
2026-06-28 19:49:09.189 +08:00 [INF] lib/net462/Microsoft.Extensions.Options.ConfigurationExtensions.xml 进度: 19/111
2026-06-28 19:49:09.190 +08:00 [DBG] 缓存缺失: T:System.Diagnostics.CodeAnalysis.DynamicallyAccessedMembersAttribute
2026-06-28 19:49:09.190 +08:00 [DBG] 缓存缺失: M:System.Diagnostics.CodeAnalysis.DynamicallyAccessedMembersAttribute.#ctor(System.Diagnostics.CodeAnalysis.DynamicallyAccessedMemberTypes)
2026-06-28 19:49:09.190 +08:00 [DBG] 缓存缺失: P:System.Diagnostics.CodeAnalysis.DynamicallyAccessedMembersAttribute.MemberTypes
2026-06-28 19:49:09.191 +08:00 [DBG] 缓存缺失: T:System.Diagnostics.CodeAnalysis.DynamicallyAccessedMemberTypes
2026-06-28 19:49:09.191 +08:00 [DBG] 缓存缺失: F:System.Diagnostics.CodeAnalysis.DynamicallyAccessedMemberTypes.None
2026-06-28 19:49:09.191 +08:00 [DBG] 缓存缺失: F:System.Diagnostics.CodeAnalysis.DynamicallyAccessedMemberTypes.PublicParameterlessConstructor
2026-06-28 19:49:09.192 +08:00 [DBG] 缓存缺失: F:System.Diagnostics.CodeAnalysis.DynamicallyAccessedMemberTypes.PublicConstructors
2026-06-28 19:49:09.192 +08:00 [DBG] 缓存缺失: F:System.Diagnostics.CodeAnalysis.DynamicallyAccessedMemberTypes.NonPublicConstructors
2026-06-28 19:49:09.192 +08:00 [DBG] 缓存缺失: F:System.Diagnostics.CodeAnalysis.DynamicallyAccessedMemberTypes.PublicMethods
2026-06-28 19:49:09.193 +08:00 [DBG] 缓存缺失: F:System.Diagnostics.CodeAnalysis.DynamicallyAccessedMemberTypes.NonPublicMethods
2026-06-28 19:49:09.193 +08:00 [DBG] 缓存缺失: F:System.Diagnostics.CodeAnalysis.DynamicallyAccessedMemberTypes.PublicFields
2026-06-28 19:49:09.193 +08:00 [DBG] 缓存缺失: F:System.Diagnostics.CodeAnalysis.DynamicallyAccessedMemberTypes.NonPublicFields
2026-06-28 19:49:09.194 +08:00 [DBG] 缓存缺失: F:System.Diagnostics.CodeAnalysis.DynamicallyAccessedMemberTypes.PublicNestedTypes
2026-06-28 19:49:09.194 +08:00 [DBG] 缓存缺失: F:System.Diagnostics.CodeAnalysis.DynamicallyAccessedMemberTypes.NonPublicNestedTypes
2026-06-28 19:49:09.194 +08:00 [DBG] 缓存缺失: F:System.Diagnostics.CodeAnalysis.DynamicallyAccessedMemberTypes.PublicProperties
2026-06-28 19:49:09.194 +08:00 [DBG] 缓存缺失: F:System.Diagnostics.CodeAnalysis.DynamicallyAccessedMemberTypes.NonPublicProperties
2026-06-28 19:49:09.195 +08:00 [DBG] 缓存缺失: F:System.Diagnostics.CodeAnalysis.DynamicallyAccessedMemberTypes.PublicEvents
2026-06-28 19:49:09.195 +08:00 [DBG] 缓存缺失: F:System.Diagnostics.CodeAnalysis.DynamicallyAccessedMemberTypes.NonPublicEvents
2026-06-28 19:49:09.195 +08:00 [DBG] 缓存缺失: F:System.Diagnostics.CodeAnalysis.DynamicallyAccessedMemberTypes.Interfaces
2026-06-28 19:49:09.196 +08:00 [DBG] 缓存缺失: F:System.Diagnostics.CodeAnalysis.DynamicallyAccessedMemberTypes.NonPublicConstructorsWithInherited
2026-06-28 19:49:09.196 +08:00 [DBG] 缓存缺失: F:System.Diagnostics.CodeAnalysis.DynamicallyAccessedMemberTypes.NonPublicMethodsWithInherited
2026-06-28 19:49:09.196 +08:00 [DBG] 缓存缺失: F:System.Diagnostics.CodeAnalysis.DynamicallyAccessedMemberTypes.NonPublicFieldsWithInherited
2026-06-28 19:49:09.196 +08:00 [DBG] 缓存缺失: F:System.Diagnostics.CodeAnalysis.DynamicallyAccessedMemberTypes.NonPublicNestedTypesWithInherited
2026-06-28 19:49:09.197 +08:00 [DBG] 缓存缺失: F:System.Diagnostics.CodeAnalysis.DynamicallyAccessedMemberTypes.NonPublicPropertiesWithInherited
2026-06-28 19:49:09.197 +08:00 [DBG] 缓存缺失: F:System.Diagnostics.CodeAnalysis.DynamicallyAccessedMemberTypes.NonPublicEventsWithInherited
2026-06-28 19:49:09.197 +08:00 [DBG] 缓存缺失: F:System.Diagnostics.CodeAnalysis.DynamicallyAccessedMemberTypes.PublicConstructorsWithInherited
2026-06-28 19:49:09.198 +08:00 [DBG] 缓存缺失: F:System.Diagnostics.CodeAnalysis.DynamicallyAccessedMemberTypes.PublicNestedTypesWithInherited
2026-06-28 19:49:09.198 +08:00 [DBG] 缓存缺失: F:System.Diagnostics.CodeAnalysis.DynamicallyAccessedMemberTypes.AllConstructors
2026-06-28 19:49:09.198 +08:00 [DBG] 缓存缺失: F:System.Diagnostics.CodeAnalysis.DynamicallyAccessedMemberTypes.AllMethods
2026-06-28 19:49:09.199 +08:00 [DBG] 缓存缺失: F:System.Diagnostics.CodeAnalysis.DynamicallyAccessedMemberTypes.AllFields
2026-06-28 19:49:09.199 +08:00 [DBG] 缓存缺失: F:System.Diagnostics.CodeAnalysis.DynamicallyAccessedMemberTypes.AllNestedTypes
2026-06-28 19:49:09.199 +08:00 [DBG] 缓存缺失: F:System.Diagnostics.CodeAnalysis.DynamicallyAccessedMemberTypes.AllProperties
2026-06-28 19:49:09.199 +08:00 [DBG] 缓存缺失: F:System.Diagnostics.CodeAnalysis.DynamicallyAccessedMemberTypes.AllEvents
2026-06-28 19:49:09.200 +08:00 [DBG] 缓存缺失: F:System.Diagnostics.CodeAnalysis.DynamicallyAccessedMemberTypes.All
2026-06-28 19:49:09.200 +08:00 [DBG] 缓存缺失: T:System.Diagnostics.CodeAnalysis.RequiresDynamicCodeAttribute
2026-06-28 19:49:09.201 +08:00 [DBG] 缓存缺失: M:System.Diagnostics.CodeAnalysis.RequiresDynamicCodeAttribute.#ctor(System.String)
2026-06-28 19:49:09.203 +08:00 [DBG] 缓存缺失: P:System.Diagnostics.CodeAnalysis.RequiresDynamicCodeAttribute.ExcludeStatics
2026-06-28 19:49:09.204 +08:00 [DBG] 缓存缺失: P:System.Diagnostics.CodeAnalysis.RequiresDynamicCodeAttribute.Message
2026-06-28 19:49:09.204 +08:00 [DBG] 缓存缺失: P:System.Diagnostics.CodeAnalysis.RequiresDynamicCodeAttribute.Url
2026-06-28 19:49:09.204 +08:00 [DBG] 缓存缺失: T:System.Diagnostics.CodeAnalysis.RequiresUnreferencedCodeAttribute
2026-06-28 19:49:09.204 +08:00 [DBG] 缓存缺失: M:System.Diagnostics.CodeAnalysis.RequiresUnreferencedCodeAttribute.#ctor(System.String)
2026-06-28 19:49:09.205 +08:00 [DBG] 缓存缺失: P:System.Diagnostics.CodeAnalysis.RequiresUnreferencedCodeAttribute.ExcludeStatics
2026-06-28 19:49:09.205 +08:00 [DBG] 缓存缺失: P:System.Diagnostics.CodeAnalysis.RequiresUnreferencedCodeAttribute.Message
2026-06-28 19:49:09.205 +08:00 [DBG] 缓存缺失: P:System.Diagnostics.CodeAnalysis.RequiresUnreferencedCodeAttribute.Url
2026-06-28 19:49:09.205 +08:00 [DBG] 缓存缺失: T:System.Diagnostics.CodeAnalysis.UnconditionalSuppressMessageAttribute
2026-06-28 19:49:09.206 +08:00 [DBG] 缓存缺失: M:System.Diagnostics.CodeAnalysis.UnconditionalSuppressMessageAttribute.#ctor(System.String,System.String)
2026-06-28 19:49:09.206 +08:00 [DBG] 缓存缺失: P:System.Diagnostics.CodeAnalysis.UnconditionalSuppressMessageAttribute.Category
2026-06-28 19:49:09.206 +08:00 [DBG] 缓存缺失: P:System.Diagnostics.CodeAnalysis.UnconditionalSuppressMessageAttribute.CheckId
2026-06-28 19:49:09.206 +08:00 [DBG] 缓存缺失: P:System.Diagnostics.CodeAnalysis.UnconditionalSuppressMessageAttribute.Scope
2026-06-28 19:49:09.206 +08:00 [DBG] 缓存缺失: P:System.Diagnostics.CodeAnalysis.UnconditionalSuppressMessageAttribute.Target
2026-06-28 19:49:09.207 +08:00 [DBG] 缓存缺失: P:System.Diagnostics.CodeAnalysis.UnconditionalSuppressMessageAttribute.MessageId
2026-06-28 19:49:09.207 +08:00 [DBG] 缓存缺失: P:System.Diagnostics.CodeAnalysis.UnconditionalSuppressMessageAttribute.Justification
2026-06-28 19:49:09.207 +08:00 [DBG] 缓存缺失: T:System.Diagnostics.CodeAnalysis.AllowNullAttribute
2026-06-28 19:49:09.208 +08:00 [DBG] 缓存缺失: T:System.Diagnostics.CodeAnalysis.DisallowNullAttribute
2026-06-28 19:49:09.208 +08:00 [DBG] 缓存缺失: T:System.Diagnostics.CodeAnalysis.MaybeNullAttribute
2026-06-28 19:49:09.208 +08:00 [DBG] 缓存缺失: T:System.Diagnostics.CodeAnalysis.NotNullAttribute
2026-06-28 19:49:09.208 +08:00 [DBG] 缓存缺失: T:System.Diagnostics.CodeAnalysis.MaybeNullWhenAttribute
2026-06-28 19:49:09.208 +08:00 [DBG] 缓存缺失: M:System.Diagnostics.CodeAnalysis.MaybeNullWhenAttribute.#ctor(System.Boolean)
2026-06-28 19:49:09.209 +08:00 [DBG] 缓存缺失: P:System.Diagnostics.CodeAnalysis.MaybeNullWhenAttribute.ReturnValue
2026-06-28 19:49:09.209 +08:00 [DBG] 缓存缺失: T:System.Diagnostics.CodeAnalysis.NotNullWhenAttribute
2026-06-28 19:49:09.209 +08:00 [DBG] 缓存缺失: M:System.Diagnostics.CodeAnalysis.NotNullWhenAttribute.#ctor(System.Boolean)
2026-06-28 19:49:09.209 +08:00 [DBG] 缓存缺失: P:System.Diagnostics.CodeAnalysis.NotNullWhenAttribute.ReturnValue
2026-06-28 19:49:09.210 +08:00 [DBG] 缓存缺失: T:System.Diagnostics.CodeAnalysis.NotNullIfNotNullAttribute
2026-06-28 19:49:09.210 +08:00 [DBG] 缓存缺失: M:System.Diagnostics.CodeAnalysis.NotNullIfNotNullAttribute.#ctor(System.String)
2026-06-28 19:49:09.210 +08:00 [DBG] 缓存缺失: P:System.Diagnostics.CodeAnalysis.NotNullIfNotNullAttribute.ParameterName
2026-06-28 19:49:09.210 +08:00 [DBG] 缓存缺失: T:System.Diagnostics.CodeAnalysis.DoesNotReturnAttribute
2026-06-28 19:49:09.211 +08:00 [DBG] 缓存缺失: T:System.Diagnostics.CodeAnalysis.DoesNotReturnIfAttribute
2026-06-28 19:49:09.211 +08:00 [DBG] 缓存缺失: M:System.Diagnostics.CodeAnalysis.DoesNotReturnIfAttribute.#ctor(System.Boolean)
2026-06-28 19:49:09.211 +08:00 [DBG] 缓存缺失: P:System.Diagnostics.CodeAnalysis.DoesNotReturnIfAttribute.ParameterValue
2026-06-28 19:49:09.223 +08:00 [DBG] 缓存缺失: T:System.Diagnostics.CodeAnalysis.MemberNotNullAttribute
2026-06-28 19:49:09.224 +08:00 [DBG] 缓存缺失: M:System.Diagnostics.CodeAnalysis.MemberNotNullAttribute.#ctor(System.String)
2026-06-28 19:49:09.225 +08:00 [DBG] 缓存缺失: M:System.Diagnostics.CodeAnalysis.MemberNotNullAttribute.#ctor(System.String[])
2026-06-28 19:49:09.225 +08:00 [DBG] 缓存缺失: P:System.Diagnostics.CodeAnalysis.MemberNotNullAttribute.Members
2026-06-28 19:49:09.225 +08:00 [DBG] 缓存缺失: T:System.Diagnostics.CodeAnalysis.MemberNotNullWhenAttribute
2026-06-28 19:49:09.225 +08:00 [DBG] 缓存缺失: M:System.Diagnostics.CodeAnalysis.MemberNotNullWhenAttribute.#ctor(System.Boolean,System.String)
2026-06-28 19:49:09.226 +08:00 [DBG] 缓存缺失: M:System.Diagnostics.CodeAnalysis.MemberNotNullWhenAttribute.#ctor(System.Boolean,System.String[])
2026-06-28 19:49:09.226 +08:00 [DBG] 缓存缺失: P:System.Diagnostics.CodeAnalysis.MemberNotNullWhenAttribute.ReturnValue
2026-06-28 19:49:09.226 +08:00 [DBG] 缓存缺失: P:System.Diagnostics.CodeAnalysis.MemberNotNullWhenAttribute.Members
2026-06-28 19:49:09.226 +08:00 [DBG] 缓存缺失: T:System.Runtime.CompilerServices.CompilerLoweringPreserveAttribute
2026-06-28 19:49:09.226 +08:00 [DBG] 缓存缺失: M:System.Runtime.CompilerServices.CompilerLoweringPreserveAttribute.#ctor
2026-06-28 19:49:09.227 +08:00 [DBG] 缓存缺失: T:System.Runtime.InteropServices.LibraryImportAttribute
2026-06-28 19:49:09.227 +08:00 [DBG] 缓存缺失: M:System.Runtime.InteropServices.LibraryImportAttribute.#ctor(System.String)
2026-06-28 19:49:09.227 +08:00 [DBG] 缓存缺失: P:System.Runtime.InteropServices.LibraryImportAttribute.LibraryName
2026-06-28 19:49:09.227 +08:00 [DBG] 缓存缺失: P:System.Runtime.InteropServices.LibraryImportAttribute.EntryPoint
2026-06-28 19:49:09.228 +08:00 [DBG] 缓存缺失: P:System.Runtime.InteropServices.LibraryImportAttribute.StringMarshalling
2026-06-28 19:49:09.228 +08:00 [DBG] 缓存缺失: P:System.Runtime.InteropServices.LibraryImportAttribute.StringMarshallingCustomType
2026-06-28 19:49:09.228 +08:00 [DBG] 缓存缺失: P:System.Runtime.InteropServices.LibraryImportAttribute.SetLastError
2026-06-28 19:49:09.228 +08:00 [DBG] 缓存缺失: T:System.Runtime.InteropServices.StringMarshalling
2026-06-28 19:49:09.229 +08:00 [DBG] 缓存缺失: F:System.Runtime.InteropServices.StringMarshalling.Custom
2026-06-28 19:49:09.229 +08:00 [DBG] 缓存缺失: F:System.Runtime.InteropServices.StringMarshalling.Utf8
2026-06-28 19:49:09.229 +08:00 [DBG] 缓存缺失: F:System.Runtime.InteropServices.StringMarshalling.Utf16
2026-06-28 19:49:09.229 +08:00 [DBG] 缓存缺失: T:System.ExceptionPolyfills
2026-06-28 19:49:12.935 +08:00 [INF] lib/net462/Microsoft.Extensions.Options.ConfigurationExtensions.xml 进度: 20/111
2026-06-28 19:49:12.942 +08:00 [INF] lib/net462/Microsoft.Extensions.Options.ConfigurationExtensions.xml 进度: 21/111
2026-06-28 19:49:13.680 +08:00 [INF] lib/net462/Microsoft.Extensions.Options.ConfigurationExtensions.xml 进度: 22/111
2026-06-28 19:49:13.753 +08:00 [INF] lib/net462/Microsoft.Extensions.Options.ConfigurationExtensions.xml 进度: 23/111
2026-06-28 19:49:13.798 +08:00 [INF] lib/net462/Microsoft.Extensions.Options.ConfigurationExtensions.xml 进度: 24/111
2026-06-28 19:49:13.875 +08:00 [INF] lib/net462/Microsoft.Extensions.Options.ConfigurationExtensions.xml 进度: 25/111
2026-06-28 19:49:13.955 +08:00 [INF] lib/net462/Microsoft.Extensions.Options.ConfigurationExtensions.xml 进度: 26/111
2026-06-28 19:49:14.205 +08:00 [INF] lib/net462/Microsoft.Extensions.Options.ConfigurationExtensions.xml 进度: 27/111
2026-06-28 19:49:14.489 +08:00 [INF] lib/net462/Microsoft.Extensions.Options.ConfigurationExtensions.xml 进度: 28/111
2026-06-28 19:49:14.571 +08:00 [WRN] 翻译结果的成员名称与原文不匹配，原文: <member name="F:System.Diagnostics.CodeAnalysis.DynamicallyAccessedMemberTypes.NonPublicMethodsWithInherited">
            <summary>
            Specifies all non-public methods, including those inherited from base classes.
            </summary>
        </member>, 翻译结果: <member name="System.Diagnostics.CodeAnalysis.DynamicallyAccessedMemberTypes.NonPublicMethodsWithInherited">
            <summary>
            指定所有非公共方法，包括从基类继承的方法。
            </summary>
        </member>
2026-06-28 19:49:14.621 +08:00 [INF] lib/net462/Microsoft.Extensions.Options.ConfigurationExtensions.xml 进度: 29/111
2026-06-28 19:49:14.673 +08:00 [INF] lib/net462/Microsoft.Extensions.Options.ConfigurationExtensions.xml 进度: 30/111
2026-06-28 19:49:14.673 +08:00 [INF] lib/net462/Microsoft.Extensions.Options.ConfigurationExtensions.xml 进度: 31/111
2026-06-28 19:49:14.676 +08:00 [INF] lib/net462/Microsoft.Extensions.Options.ConfigurationExtensions.xml 进度: 32/111
2026-06-28 19:49:14.775 +08:00 [INF] lib/net462/Microsoft.Extensions.Options.ConfigurationExtensions.xml 进度: 33/111
2026-06-28 19:49:14.798 +08:00 [INF] lib/net462/Microsoft.Extensions.Options.ConfigurationExtensions.xml 进度: 34/111
2026-06-28 19:49:14.987 +08:00 [INF] lib/net462/Microsoft.Extensions.Options.ConfigurationExtensions.xml 进度: 35/111
2026-06-28 19:49:15.109 +08:00 [INF] lib/net462/Microsoft.Extensions.Options.ConfigurationExtensions.xml 进度: 36/111
2026-06-28 19:49:15.137 +08:00 [INF] lib/net462/Microsoft.Extensions.Options.ConfigurationExtensions.xml 进度: 37/111
2026-06-28 19:49:15.187 +08:00 [INF] lib/net462/Microsoft.Extensions.Options.ConfigurationExtensions.xml 进度: 38/111
2026-06-28 19:49:15.192 +08:00 [INF] lib/net462/Microsoft.Extensions.Options.ConfigurationExtensions.xml 进度: 39/111
2026-06-28 19:49:15.237 +08:00 [INF] lib/net462/Microsoft.Extensions.Options.ConfigurationExtensions.xml 进度: 40/111
2026-06-28 19:49:15.287 +08:00 [INF] lib/net462/Microsoft.Extensions.Options.ConfigurationExtensions.xml 进度: 41/111
2026-06-28 19:49:15.390 +08:00 [INF] lib/net462/Microsoft.Extensions.Options.ConfigurationExtensions.xml 进度: 42/111
2026-06-28 19:49:15.494 +08:00 [INF] lib/net462/Microsoft.Extensions.Options.ConfigurationExtensions.xml 进度: 43/111
2026-06-28 19:49:16.115 +08:00 [INF] lib/net462/Microsoft.Extensions.Options.ConfigurationExtensions.xml 进度: 44/111
2026-06-28 19:49:16.151 +08:00 [INF] lib/net462/Microsoft.Extensions.Options.ConfigurationExtensions.xml 进度: 45/111
2026-06-28 19:49:16.214 +08:00 [INF] lib/net462/Microsoft.Extensions.Options.ConfigurationExtensions.xml 进度: 46/111
2026-06-28 19:49:16.243 +08:00 [INF] lib/net462/Microsoft.Extensions.Options.ConfigurationExtensions.xml 进度: 47/111
2026-06-28 19:49:16.421 +08:00 [INF] lib/net462/Microsoft.Extensions.Options.ConfigurationExtensions.xml 进度: 48/111
2026-06-28 19:49:16.575 +08:00 [DBG] 缓存缺失: F:System.Diagnostics.CodeAnalysis.DynamicallyAccessedMemberTypes.NonPublicMethodsWithInherited
2026-06-28 19:49:16.654 +08:00 [INF] lib/net462/Microsoft.Extensions.Options.ConfigurationExtensions.xml 进度: 49/111
2026-06-28 19:49:16.671 +08:00 [INF] lib/net462/Microsoft.Extensions.Options.ConfigurationExtensions.xml 进度: 50/111
2026-06-28 19:49:16.722 +08:00 [INF] lib/net462/Microsoft.Extensions.Options.ConfigurationExtensions.xml 进度: 51/111
2026-06-28 19:49:16.826 +08:00 [INF] lib/net462/Microsoft.Extensions.Options.ConfigurationExtensions.xml 进度: 52/111
2026-06-28 19:49:16.947 +08:00 [INF] lib/net462/Microsoft.Extensions.Options.ConfigurationExtensions.xml 进度: 53/111
2026-06-28 19:49:17.233 +08:00 [INF] lib/net462/Microsoft.Extensions.Options.ConfigurationExtensions.xml 进度: 54/111
2026-06-28 19:49:17.234 +08:00 [INF] lib/net462/Microsoft.Extensions.Options.ConfigurationExtensions.xml 进度: 55/111
2026-06-28 19:49:17.445 +08:00 [INF] lib/net462/Microsoft.Extensions.Options.ConfigurationExtensions.xml 进度: 56/111
2026-06-28 19:49:17.490 +08:00 [INF] lib/net462/Microsoft.Extensions.Options.ConfigurationExtensions.xml 进度: 57/111
2026-06-28 19:49:17.492 +08:00 [INF] lib/net462/Microsoft.Extensions.Options.ConfigurationExtensions.xml 进度: 58/111
2026-06-28 19:49:17.746 +08:00 [INF] lib/net462/Microsoft.Extensions.Options.ConfigurationExtensions.xml 进度: 59/111
2026-06-28 19:49:18.288 +08:00 [INF] lib/net462/Microsoft.Extensions.Options.ConfigurationExtensions.xml 进度: 60/111
2026-06-28 19:49:18.288 +08:00 [INF] lib/net462/Microsoft.Extensions.Options.ConfigurationExtensions.xml 进度: 61/111
2026-06-28 19:49:18.360 +08:00 [INF] lib/net462/Microsoft.Extensions.Options.ConfigurationExtensions.xml 进度: 62/111
2026-06-28 19:49:18.360 +08:00 [INF] lib/net462/Microsoft.Extensions.Options.ConfigurationExtensions.xml 进度: 63/111
2026-06-28 19:49:19.545 +08:00 [INF] lib/net462/Microsoft.Extensions.Options.ConfigurationExtensions.xml 进度: 64/111
2026-06-28 19:49:19.754 +08:00 [INF] lib/net462/Microsoft.Extensions.Options.ConfigurationExtensions.xml 进度: 65/111
2026-06-28 19:49:19.807 +08:00 [INF] lib/net462/Microsoft.Extensions.Options.ConfigurationExtensions.xml 进度: 66/111
2026-06-28 19:49:19.814 +08:00 [INF] lib/net462/Microsoft.Extensions.Options.ConfigurationExtensions.xml 进度: 67/111
2026-06-28 19:49:20.204 +08:00 [INF] lib/net462/Microsoft.Extensions.Options.ConfigurationExtensions.xml 进度: 68/111
2026-06-28 19:49:20.205 +08:00 [INF] lib/net462/Microsoft.Extensions.Options.ConfigurationExtensions.xml 进度: 69/111
2026-06-28 19:49:20.407 +08:00 [INF] lib/net462/Microsoft.Extensions.Options.ConfigurationExtensions.xml 进度: 70/111
2026-06-28 19:49:20.613 +08:00 [INF] lib/net462/Microsoft.Extensions.Options.ConfigurationExtensions.xml 进度: 71/111
2026-06-28 19:49:20.922 +08:00 [INF] lib/net462/Microsoft.Extensions.Options.ConfigurationExtensions.xml 进度: 72/111
2026-06-28 19:49:21.171 +08:00 [INF] lib/net462/Microsoft.Extensions.Options.ConfigurationExtensions.xml 进度: 73/111
2026-06-28 19:49:21.549 +08:00 [INF] lib/net462/Microsoft.Extensions.Options.ConfigurationExtensions.xml 进度: 74/111
2026-06-28 19:49:22.558 +08:00 [INF] lib/net462/Microsoft.Extensions.Options.ConfigurationExtensions.xml 进度: 75/111
2026-06-28 19:49:22.763 +08:00 [INF] lib/net462/Microsoft.Extensions.Options.ConfigurationExtensions.xml 进度: 76/111
2026-06-28 19:49:22.981 +08:00 [INF] lib/net462/Microsoft.Extensions.Options.ConfigurationExtensions.xml 进度: 77/111
2026-06-28 19:49:23.076 +08:00 [INF] lib/net462/Microsoft.Extensions.Options.ConfigurationExtensions.xml 进度: 78/111
2026-06-28 19:49:23.076 +08:00 [INF] lib/net462/Microsoft.Extensions.Options.ConfigurationExtensions.xml 进度: 79/111
2026-06-28 19:49:24.504 +08:00 [INF] lib/net462/Microsoft.Extensions.Options.ConfigurationExtensions.xml 进度: 80/111
2026-06-28 19:49:25.838 +08:00 [INF] lib/net462/Microsoft.Extensions.Options.ConfigurationExtensions.xml 进度: 81/111
2026-06-28 19:49:26.993 +08:00 [INF] lib/net462/Microsoft.Extensions.Options.ConfigurationExtensions.xml 进度: 82/111
2026-06-28 19:49:27.063 +08:00 [INF] lib/net462/Microsoft.Extensions.Options.ConfigurationExtensions.xml 进度: 83/111
2026-06-28 19:49:27.473 +08:00 [INF] lib/net462/Microsoft.Extensions.Options.ConfigurationExtensions.xml 进度: 84/111
2026-06-28 19:49:27.576 +08:00 [INF] lib/net462/Microsoft.Extensions.Options.ConfigurationExtensions.xml 进度: 85/111
2026-06-28 19:49:28.292 +08:00 [INF] lib/net462/Microsoft.Extensions.Options.ConfigurationExtensions.xml 进度: 86/111
2026-06-28 19:49:28.314 +08:00 [INF] lib/net462/Microsoft.Extensions.Options.ConfigurationExtensions.xml 进度: 87/111
2026-06-28 19:49:28.497 +08:00 [INF] lib/net462/Microsoft.Extensions.Options.ConfigurationExtensions.xml 进度: 88/111
2026-06-28 19:49:30.255 +08:00 [INF] lib/net462/Microsoft.Extensions.Options.ConfigurationExtensions.xml 进度: 89/111
2026-06-28 19:49:30.750 +08:00 [INF] lib/net462/Microsoft.Extensions.Options.ConfigurationExtensions.xml 进度: 90/111
2026-06-28 19:49:31.175 +08:00 [INF] lib/net462/Microsoft.Extensions.Options.ConfigurationExtensions.xml 进度: 91/111
2026-06-28 19:49:32.183 +08:00 [INF] lib/net462/Microsoft.Extensions.Options.ConfigurationExtensions.xml 进度: 92/111
2026-06-28 19:49:32.426 +08:00 [INF] lib/net462/Microsoft.Extensions.Options.ConfigurationExtensions.xml 进度: 93/111
2026-06-28 19:49:33.944 +08:00 [INF] lib/net462/Microsoft.Extensions.Options.ConfigurationExtensions.xml 进度: 94/111
2026-06-28 19:49:34.744 +08:00 [INF] lib/net462/Microsoft.Extensions.Options.ConfigurationExtensions.xml 进度: 95/111
2026-06-28 19:49:34.855 +08:00 [INF] lib/net462/Microsoft.Extensions.Options.ConfigurationExtensions.xml 进度: 96/111
2026-06-28 19:49:38.992 +08:00 [INF] lib/net462/Microsoft.Extensions.Options.ConfigurationExtensions.xml 进度: 97/111
2026-06-28 19:49:39.187 +08:00 [INF] lib/net462/Microsoft.Extensions.Options.ConfigurationExtensions.xml 进度: 98/111
2026-06-28 19:49:40.093 +08:00 [INF] lib/net462/Microsoft.Extensions.Options.ConfigurationExtensions.xml 进度: 99/111
2026-06-28 19:49:41.917 +08:00 [INF] lib/net462/Microsoft.Extensions.Options.ConfigurationExtensions.xml 进度: 100/111
2026-06-28 19:49:42.021 +08:00 [INF] lib/net462/Microsoft.Extensions.Options.ConfigurationExtensions.xml 进度: 101/111
2026-06-28 19:49:49.524 +08:00 [INF] lib/net462/Microsoft.Extensions.Options.ConfigurationExtensions.xml 进度: 102/111
2026-06-28 19:49:49.898 +08:00 [INF] lib/net462/Microsoft.Extensions.Options.ConfigurationExtensions.xml 进度: 103/111
2026-06-28 19:49:50.114 +08:00 [INF] lib/net462/Microsoft.Extensions.Options.ConfigurationExtensions.xml 进度: 104/111
2026-06-28 19:49:54.406 +08:00 [INF] lib/net462/Microsoft.Extensions.Options.ConfigurationExtensions.xml 进度: 105/111
2026-06-28 19:49:57.989 +08:00 [INF] lib/net462/Microsoft.Extensions.Options.ConfigurationExtensions.xml 进度: 106/111
2026-06-28 19:50:03.723 +08:00 [INF] lib/net462/Microsoft.Extensions.Options.ConfigurationExtensions.xml 进度: 107/111
2026-06-28 19:50:09.151 +08:00 [INF] lib/net462/Microsoft.Extensions.Options.ConfigurationExtensions.xml 进度: 108/111
